<?xml version="1.0" encoding="UTF-8"?>
<!-- Generated by org.testng.reporters.JUnitXMLReporter -->
<testsuite hostname="abc123" name="Test" tests="291" failures="95" timestamp="19 Dec 2019 03:30:42 GMT" time="418.307" errors="0">
  <testcase name="@BeforeClass login" time="0.0" classname="com.webtest.ranzhicase.BackManageTestCases">
    <failure type="org.openqa.selenium.NoSuchFrameException" message="No frame element found by name or id iframe-superadmin
Build info: version: &amp;apos;3.141.59&amp;apos;, revision: &amp;apos;e82be7d358&amp;apos;, time: &amp;apos;2018-11-14T08:25:53&amp;apos;
System info: host: &amp;apos;ABC123&amp;apos;, ip: &amp;apos;192.168.137.91&amp;apos;, os.name: &amp;apos;Windows 10&amp;apos;, os.arch: &amp;apos;amd64&amp;apos;, os.version: &amp;apos;10.0&amp;apos;, java.version: &amp;apos;1.8.0_73&amp;apos;
Driver info: driver.version: unknown">
      <![CDATA[org.openqa.selenium.NoSuchFrameException: No frame element found by name or id iframe-superadmin
Build info: version: '3.141.59', revision: 'e82be7d358', time: '2018-11-14T08:25:53'
System info: host: 'ABC123', ip: '192.168.137.91', os.name: 'Windows 10', os.arch: 'amd64', os.version: '10.0', java.version: '1.8.0_73'
Driver info: driver.version: unknown
	at org.openqa.selenium.remote.RemoteWebDriver$RemoteTargetLocator.frame(RemoteWebDriver.java:885)
	at com.webtest.core.WebDriverEngine.enterFrame(Unknown Source)
	at com.webtest.ranzhicase.BackManageTestCases.login(Unknown Source)
... Removed 23 stack frames]]>
    </failure>
  </testcase> <!-- @BeforeClass login -->
  <testcase name="@BeforeClass Login" time="0.0" classname="com.webtest.ranzhicase.OtherTestCases">
    <failure type="java.lang.AssertionError" message="expected [true] but found [false]">
      <![CDATA[java.lang.AssertionError: expected [true] but found [false]
	at com.webtest.ranzhicase.OtherTestCases.Login(Unknown Source)
... Removed 27 stack frames]]>
    </failure>
  </testcase> <!-- @BeforeClass Login -->
  <testcase name="atestplan" time="0.0" classname="com.webtest.ranzhicase.BackManageTestCases">
    <skipped/>
  </testcase> <!-- atestplan -->
  <testcase name="atestplan" time="0.0" classname="com.webtest.ranzhicase.BackManageTestCases">
    <skipped/>
  </testcase> <!-- atestplan -->
  <testcase name="atestplan" time="0.0" classname="com.webtest.ranzhicase.BackManageTestCases">
    <skipped/>
  </testcase> <!-- atestplan -->
  <testcase name="atestplan" time="0.0" classname="com.webtest.ranzhicase.BackManageTestCases">
    <skipped/>
  </testcase> <!-- atestplan -->
  <testcase name="atestplan" time="0.0" classname="com.webtest.ranzhicase.BackManageTestCases">
    <skipped/>
  </testcase> <!-- atestplan -->
  <testcase name="atestplan" time="0.0" classname="com.webtest.ranzhicase.BackManageTestCases">
    <skipped/>
  </testcase> <!-- atestplan -->
  <testcase name="atestplan" time="0.0" classname="com.webtest.ranzhicase.BackManageTestCases">
    <skipped/>
  </testcase> <!-- atestplan -->
  <testcase name="testAddGroup" time="0.001" classname="com.webtest.ranzhicase.BackManageTestCases">
    <skipped/>
  </testcase> <!-- testAddGroup -->
  <testcase name="testAddGroup" time="0.0" classname="com.webtest.ranzhicase.BackManageTestCases">
    <skipped/>
  </testcase> <!-- testAddGroup -->
  <testcase name="testAddGroup" time="0.0" classname="com.webtest.ranzhicase.BackManageTestCases">
    <skipped/>
  </testcase> <!-- testAddGroup -->
  <testcase name="testAddGroup" time="0.0" classname="com.webtest.ranzhicase.BackManageTestCases">
    <skipped/>
  </testcase> <!-- testAddGroup -->
  <testcase name="testAddGroup" time="0.0" classname="com.webtest.ranzhicase.BackManageTestCases">
    <skipped/>
  </testcase> <!-- testAddGroup -->
  <testcase name="testAddGroup" time="0.0" classname="com.webtest.ranzhicase.BackManageTestCases">
    <skipped/>
  </testcase> <!-- testAddGroup -->
  <testcase name="testApplication" time="0.0" classname="com.webtest.ranzhicase.BackManageTestCases">
    <skipped/>
  </testcase> <!-- testApplication -->
  <testcase name="testApplication" time="0.0" classname="com.webtest.ranzhicase.BackManageTestCases">
    <skipped/>
  </testcase> <!-- testApplication -->
  <testcase name="testApplication" time="0.0" classname="com.webtest.ranzhicase.BackManageTestCases">
    <skipped/>
  </testcase> <!-- testApplication -->
  <testcase name="testApplication" time="0.0" classname="com.webtest.ranzhicase.BackManageTestCases">
    <skipped/>
  </testcase> <!-- testApplication -->
  <testcase name="testApplication" time="0.0" classname="com.webtest.ranzhicase.BackManageTestCases">
    <skipped/>
  </testcase> <!-- testApplication -->
  <testcase name="testApplication" time="0.0" classname="com.webtest.ranzhicase.BackManageTestCases">
    <skipped/>
  </testcase> <!-- testApplication -->
  <testcase name="testBackUp" time="0.0" classname="com.webtest.ranzhicase.BackManageTestCases">
    <skipped/>
  </testcase> <!-- testBackUp -->
  <testcase name="testBackUp" time="0.0" classname="com.webtest.ranzhicase.BackManageTestCases">
    <skipped/>
  </testcase> <!-- testBackUp -->
  <testcase name="testBackUp" time="0.0" classname="com.webtest.ranzhicase.BackManageTestCases">
    <skipped/>
  </testcase> <!-- testBackUp -->
  <testcase name="testBackUp" time="0.0" classname="com.webtest.ranzhicase.BackManageTestCases">
    <skipped/>
  </testcase> <!-- testBackUp -->
  <testcase name="testBackUp" time="0.0" classname="com.webtest.ranzhicase.BackManageTestCases">
    <skipped/>
  </testcase> <!-- testBackUp -->
  <testcase name="testBackUp" time="0.0" classname="com.webtest.ranzhicase.BackManageTestCases">
    <skipped/>
  </testcase> <!-- testBackUp -->
  <testcase name="testBackUp" time="0.0" classname="com.webtest.ranzhicase.BackManageTestCases">
    <skipped/>
  </testcase> <!-- testBackUp -->
  <testcase name="testCompany" time="0.0" classname="com.webtest.ranzhicase.BackManageTestCases">
    <skipped/>
  </testcase> <!-- testCompany -->
  <testcase name="testCompany" time="0.0" classname="com.webtest.ranzhicase.BackManageTestCases">
    <skipped/>
  </testcase> <!-- testCompany -->
  <testcase name="testCompany" time="0.0" classname="com.webtest.ranzhicase.BackManageTestCases">
    <skipped/>
  </testcase> <!-- testCompany -->
  <testcase name="testCompany" time="0.0" classname="com.webtest.ranzhicase.BackManageTestCases">
    <skipped/>
  </testcase> <!-- testCompany -->
  <testcase name="testCompany" time="0.0" classname="com.webtest.ranzhicase.BackManageTestCases">
    <skipped/>
  </testcase> <!-- testCompany -->
  <testcase name="testCompany" time="0.0" classname="com.webtest.ranzhicase.BackManageTestCases">
    <skipped/>
  </testcase> <!-- testCompany -->
  <testcase name="testMD" time="0.0" classname="com.webtest.ranzhicase.BackManageTestCases">
    <skipped/>
  </testcase> <!-- testMD -->
  <testcase name="testMember" time="0.0" classname="com.webtest.ranzhicase.BackManageTestCases">
    <skipped/>
  </testcase> <!-- testMember -->
  <testcase name="testMember" time="0.0" classname="com.webtest.ranzhicase.BackManageTestCases">
    <skipped/>
  </testcase> <!-- testMember -->
  <testcase name="testMember" time="0.0" classname="com.webtest.ranzhicase.BackManageTestCases">
    <skipped/>
  </testcase> <!-- testMember -->
  <testcase name="testMember" time="0.0" classname="com.webtest.ranzhicase.BackManageTestCases">
    <skipped/>
  </testcase> <!-- testMember -->
  <testcase name="testMember" time="0.0" classname="com.webtest.ranzhicase.BackManageTestCases">
    <skipped/>
  </testcase> <!-- testMember -->
  <testcase name="testMember" time="0.0" classname="com.webtest.ranzhicase.BackManageTestCases">
    <skipped/>
  </testcase> <!-- testMember -->
  <testcase name="testSending" time="0.0" classname="com.webtest.ranzhicase.BackManageTestCases">
    <skipped/>
  </testcase> <!-- testSending -->
  <testcase name="testSending" time="0.0" classname="com.webtest.ranzhicase.BackManageTestCases">
    <skipped/>
  </testcase> <!-- testSending -->
  <testcase name="testSending" time="0.0" classname="com.webtest.ranzhicase.BackManageTestCases">
    <skipped/>
  </testcase> <!-- testSending -->
  <testcase name="testSending" time="0.0" classname="com.webtest.ranzhicase.BackManageTestCases">
    <skipped/>
  </testcase> <!-- testSending -->
  <testcase name="testSending" time="0.0" classname="com.webtest.ranzhicase.BackManageTestCases">
    <skipped/>
  </testcase> <!-- testSending -->
  <testcase name="testSending" time="0.0" classname="com.webtest.ranzhicase.BackManageTestCases">
    <skipped/>
  </testcase> <!-- testSending -->
  <testcase name="testXuanxuan" time="0.0" classname="com.webtest.ranzhicase.BackManageTestCases">
    <skipped/>
  </testcase> <!-- testXuanxuan -->
  <testcase name="addspend" time="0.081" classname="com.webtest.ranzhicase.CashAccountTestCases">
    <failure type="org.openqa.selenium.JavascriptException" message="TypeError: document.getElementById(...) is null
Build info: version: &amp;apos;3.141.59&amp;apos;, revision: &amp;apos;e82be7d358&amp;apos;, time: &amp;apos;2018-11-14T08:25:53&amp;apos;
System info: host: &amp;apos;ABC123&amp;apos;, ip: &amp;apos;192.168.137.91&amp;apos;, os.name: &amp;apos;Windows 10&amp;apos;, os.arch: &amp;apos;amd64&amp;apos;, os.version: &amp;apos;10.0&amp;apos;, java.version: &amp;apos;1.8.0_73&amp;apos;
Driver info: org.openqa.selenium.firefox.FirefoxDriver
Capabilities {acceptInsecureCerts: true, browserName: firefox, browserVersion: 65.0.2, javascriptEnabled: true, moz:accessibilityChecks: false, moz:geckodriverVersion: 0.24.0, moz:headless: false, moz:processID: 17892, moz:profile: C:\Users\DELL\AppData\Local..., moz:shutdownTimeout: 60000, moz:useNonSpecCompliantPointerOrigin: false, moz:webdriverClick: true, pageLoadStrategy: normal, platform: WINDOWS, platformName: WINDOWS, platformVersion: 10.0, rotatable: false, setWindowRect: true, strictFileInteractability: false, timeouts: {implicit: 0, pageLoad: 300000, script: 30000}, unhandledPromptBehavior: dismiss and notify}
Session ID: 0e4edc65-4c68-465a-b38c-81c8402adba3">
      <![CDATA[org.openqa.selenium.JavascriptException: TypeError: document.getElementById(...) is null
Build info: version: '3.141.59', revision: 'e82be7d358', time: '2018-11-14T08:25:53'
System info: host: 'ABC123', ip: '192.168.137.91', os.name: 'Windows 10', os.arch: 'amd64', os.version: '10.0', java.version: '1.8.0_73'
Driver info: org.openqa.selenium.firefox.FirefoxDriver
Capabilities {acceptInsecureCerts: true, browserName: firefox, browserVersion: 65.0.2, javascriptEnabled: true, moz:accessibilityChecks: false, moz:geckodriverVersion: 0.24.0, moz:headless: false, moz:processID: 17892, moz:profile: C:\Users\DELL\AppData\Local..., moz:shutdownTimeout: 60000, moz:useNonSpecCompliantPointerOrigin: false, moz:webdriverClick: true, pageLoadStrategy: normal, platform: WINDOWS, platformName: WINDOWS, platformVersion: 10.0, rotatable: false, setWindowRect: true, strictFileInteractability: false, timeouts: {implicit: 0, pageLoad: 300000, script: 30000}, unhandledPromptBehavior: dismiss and notify}
Session ID: 0e4edc65-4c68-465a-b38c-81c8402adba3
	at org.openqa.selenium.remote.http.W3CHttpResponseCodec.createException(W3CHttpResponseCodec.java:187)
	at org.openqa.selenium.remote.http.W3CHttpResponseCodec.decode(W3CHttpResponseCodec.java:122)
	at org.openqa.selenium.remote.http.W3CHttpResponseCodec.decode(W3CHttpResponseCodec.java:49)
	at org.openqa.selenium.remote.HttpCommandExecutor.execute(HttpCommandExecutor.java:158)
	at org.openqa.selenium.remote.service.DriverCommandExecutor.execute(DriverCommandExecutor.java:83)
	at org.openqa.selenium.remote.RemoteWebDriver.execute(RemoteWebDriver.java:552)
	at org.openqa.selenium.remote.RemoteWebDriver.executeScript(RemoteWebDriver.java:489)
	at com.webtest.core.WebDriverEngine.runJs(Unknown Source)
	at com.webtest.ranzhicase.CashAccountTestCases.addspend(Unknown Source)
... Removed 27 stack frames]]>
    </failure>
  </testcase> <!-- addspend -->
  <testcase name="addspend" time="0.058" classname="com.webtest.ranzhicase.CashAccountTestCases">
    <failure type="org.openqa.selenium.JavascriptException" message="TypeError: document.getElementById(...) is null
Build info: version: &amp;apos;3.141.59&amp;apos;, revision: &amp;apos;e82be7d358&amp;apos;, time: &amp;apos;2018-11-14T08:25:53&amp;apos;
System info: host: &amp;apos;ABC123&amp;apos;, ip: &amp;apos;192.168.137.91&amp;apos;, os.name: &amp;apos;Windows 10&amp;apos;, os.arch: &amp;apos;amd64&amp;apos;, os.version: &amp;apos;10.0&amp;apos;, java.version: &amp;apos;1.8.0_73&amp;apos;
Driver info: org.openqa.selenium.firefox.FirefoxDriver
Capabilities {acceptInsecureCerts: true, browserName: firefox, browserVersion: 65.0.2, javascriptEnabled: true, moz:accessibilityChecks: false, moz:geckodriverVersion: 0.24.0, moz:headless: false, moz:processID: 17892, moz:profile: C:\Users\DELL\AppData\Local..., moz:shutdownTimeout: 60000, moz:useNonSpecCompliantPointerOrigin: false, moz:webdriverClick: true, pageLoadStrategy: normal, platform: WINDOWS, platformName: WINDOWS, platformVersion: 10.0, rotatable: false, setWindowRect: true, strictFileInteractability: false, timeouts: {implicit: 0, pageLoad: 300000, script: 30000}, unhandledPromptBehavior: dismiss and notify}
Session ID: 0e4edc65-4c68-465a-b38c-81c8402adba3">
      <![CDATA[org.openqa.selenium.JavascriptException: TypeError: document.getElementById(...) is null
Build info: version: '3.141.59', revision: 'e82be7d358', time: '2018-11-14T08:25:53'
System info: host: 'ABC123', ip: '192.168.137.91', os.name: 'Windows 10', os.arch: 'amd64', os.version: '10.0', java.version: '1.8.0_73'
Driver info: org.openqa.selenium.firefox.FirefoxDriver
Capabilities {acceptInsecureCerts: true, browserName: firefox, browserVersion: 65.0.2, javascriptEnabled: true, moz:accessibilityChecks: false, moz:geckodriverVersion: 0.24.0, moz:headless: false, moz:processID: 17892, moz:profile: C:\Users\DELL\AppData\Local..., moz:shutdownTimeout: 60000, moz:useNonSpecCompliantPointerOrigin: false, moz:webdriverClick: true, pageLoadStrategy: normal, platform: WINDOWS, platformName: WINDOWS, platformVersion: 10.0, rotatable: false, setWindowRect: true, strictFileInteractability: false, timeouts: {implicit: 0, pageLoad: 300000, script: 30000}, unhandledPromptBehavior: dismiss and notify}
Session ID: 0e4edc65-4c68-465a-b38c-81c8402adba3
	at org.openqa.selenium.remote.http.W3CHttpResponseCodec.createException(W3CHttpResponseCodec.java:187)
	at org.openqa.selenium.remote.http.W3CHttpResponseCodec.decode(W3CHttpResponseCodec.java:122)
	at org.openqa.selenium.remote.http.W3CHttpResponseCodec.decode(W3CHttpResponseCodec.java:49)
	at org.openqa.selenium.remote.HttpCommandExecutor.execute(HttpCommandExecutor.java:158)
	at org.openqa.selenium.remote.service.DriverCommandExecutor.execute(DriverCommandExecutor.java:83)
	at org.openqa.selenium.remote.RemoteWebDriver.execute(RemoteWebDriver.java:552)
	at org.openqa.selenium.remote.RemoteWebDriver.executeScript(RemoteWebDriver.java:489)
	at com.webtest.core.WebDriverEngine.runJs(Unknown Source)
	at com.webtest.ranzhicase.CashAccountTestCases.addspend(Unknown Source)
... Removed 27 stack frames]]>
    </failure>
  </testcase> <!-- addspend -->
  <testcase name="addspend" time="0.066" classname="com.webtest.ranzhicase.CashAccountTestCases">
    <failure type="org.openqa.selenium.JavascriptException" message="TypeError: document.getElementById(...) is null
Build info: version: &amp;apos;3.141.59&amp;apos;, revision: &amp;apos;e82be7d358&amp;apos;, time: &amp;apos;2018-11-14T08:25:53&amp;apos;
System info: host: &amp;apos;ABC123&amp;apos;, ip: &amp;apos;192.168.137.91&amp;apos;, os.name: &amp;apos;Windows 10&amp;apos;, os.arch: &amp;apos;amd64&amp;apos;, os.version: &amp;apos;10.0&amp;apos;, java.version: &amp;apos;1.8.0_73&amp;apos;
Driver info: org.openqa.selenium.firefox.FirefoxDriver
Capabilities {acceptInsecureCerts: true, browserName: firefox, browserVersion: 65.0.2, javascriptEnabled: true, moz:accessibilityChecks: false, moz:geckodriverVersion: 0.24.0, moz:headless: false, moz:processID: 17892, moz:profile: C:\Users\DELL\AppData\Local..., moz:shutdownTimeout: 60000, moz:useNonSpecCompliantPointerOrigin: false, moz:webdriverClick: true, pageLoadStrategy: normal, platform: WINDOWS, platformName: WINDOWS, platformVersion: 10.0, rotatable: false, setWindowRect: true, strictFileInteractability: false, timeouts: {implicit: 0, pageLoad: 300000, script: 30000}, unhandledPromptBehavior: dismiss and notify}
Session ID: 0e4edc65-4c68-465a-b38c-81c8402adba3">
      <![CDATA[org.openqa.selenium.JavascriptException: TypeError: document.getElementById(...) is null
Build info: version: '3.141.59', revision: 'e82be7d358', time: '2018-11-14T08:25:53'
System info: host: 'ABC123', ip: '192.168.137.91', os.name: 'Windows 10', os.arch: 'amd64', os.version: '10.0', java.version: '1.8.0_73'
Driver info: org.openqa.selenium.firefox.FirefoxDriver
Capabilities {acceptInsecureCerts: true, browserName: firefox, browserVersion: 65.0.2, javascriptEnabled: true, moz:accessibilityChecks: false, moz:geckodriverVersion: 0.24.0, moz:headless: false, moz:processID: 17892, moz:profile: C:\Users\DELL\AppData\Local..., moz:shutdownTimeout: 60000, moz:useNonSpecCompliantPointerOrigin: false, moz:webdriverClick: true, pageLoadStrategy: normal, platform: WINDOWS, platformName: WINDOWS, platformVersion: 10.0, rotatable: false, setWindowRect: true, strictFileInteractability: false, timeouts: {implicit: 0, pageLoad: 300000, script: 30000}, unhandledPromptBehavior: dismiss and notify}
Session ID: 0e4edc65-4c68-465a-b38c-81c8402adba3
	at org.openqa.selenium.remote.http.W3CHttpResponseCodec.createException(W3CHttpResponseCodec.java:187)
	at org.openqa.selenium.remote.http.W3CHttpResponseCodec.decode(W3CHttpResponseCodec.java:122)
	at org.openqa.selenium.remote.http.W3CHttpResponseCodec.decode(W3CHttpResponseCodec.java:49)
	at org.openqa.selenium.remote.HttpCommandExecutor.execute(HttpCommandExecutor.java:158)
	at org.openqa.selenium.remote.service.DriverCommandExecutor.execute(DriverCommandExecutor.java:83)
	at org.openqa.selenium.remote.RemoteWebDriver.execute(RemoteWebDriver.java:552)
	at org.openqa.selenium.remote.RemoteWebDriver.executeScript(RemoteWebDriver.java:489)
	at com.webtest.core.WebDriverEngine.runJs(Unknown Source)
	at com.webtest.ranzhicase.CashAccountTestCases.addspend(Unknown Source)
... Removed 27 stack frames]]>
    </failure>
  </testcase> <!-- addspend -->
  <testcase name="addspend" time="0.065" classname="com.webtest.ranzhicase.CashAccountTestCases">
    <failure type="org.openqa.selenium.JavascriptException" message="TypeError: document.getElementById(...) is null
Build info: version: &amp;apos;3.141.59&amp;apos;, revision: &amp;apos;e82be7d358&amp;apos;, time: &amp;apos;2018-11-14T08:25:53&amp;apos;
System info: host: &amp;apos;ABC123&amp;apos;, ip: &amp;apos;192.168.137.91&amp;apos;, os.name: &amp;apos;Windows 10&amp;apos;, os.arch: &amp;apos;amd64&amp;apos;, os.version: &amp;apos;10.0&amp;apos;, java.version: &amp;apos;1.8.0_73&amp;apos;
Driver info: org.openqa.selenium.firefox.FirefoxDriver
Capabilities {acceptInsecureCerts: true, browserName: firefox, browserVersion: 65.0.2, javascriptEnabled: true, moz:accessibilityChecks: false, moz:geckodriverVersion: 0.24.0, moz:headless: false, moz:processID: 17892, moz:profile: C:\Users\DELL\AppData\Local..., moz:shutdownTimeout: 60000, moz:useNonSpecCompliantPointerOrigin: false, moz:webdriverClick: true, pageLoadStrategy: normal, platform: WINDOWS, platformName: WINDOWS, platformVersion: 10.0, rotatable: false, setWindowRect: true, strictFileInteractability: false, timeouts: {implicit: 0, pageLoad: 300000, script: 30000}, unhandledPromptBehavior: dismiss and notify}
Session ID: 0e4edc65-4c68-465a-b38c-81c8402adba3">
      <![CDATA[org.openqa.selenium.JavascriptException: TypeError: document.getElementById(...) is null
Build info: version: '3.141.59', revision: 'e82be7d358', time: '2018-11-14T08:25:53'
System info: host: 'ABC123', ip: '192.168.137.91', os.name: 'Windows 10', os.arch: 'amd64', os.version: '10.0', java.version: '1.8.0_73'
Driver info: org.openqa.selenium.firefox.FirefoxDriver
Capabilities {acceptInsecureCerts: true, browserName: firefox, browserVersion: 65.0.2, javascriptEnabled: true, moz:accessibilityChecks: false, moz:geckodriverVersion: 0.24.0, moz:headless: false, moz:processID: 17892, moz:profile: C:\Users\DELL\AppData\Local..., moz:shutdownTimeout: 60000, moz:useNonSpecCompliantPointerOrigin: false, moz:webdriverClick: true, pageLoadStrategy: normal, platform: WINDOWS, platformName: WINDOWS, platformVersion: 10.0, rotatable: false, setWindowRect: true, strictFileInteractability: false, timeouts: {implicit: 0, pageLoad: 300000, script: 30000}, unhandledPromptBehavior: dismiss and notify}
Session ID: 0e4edc65-4c68-465a-b38c-81c8402adba3
	at org.openqa.selenium.remote.http.W3CHttpResponseCodec.createException(W3CHttpResponseCodec.java:187)
	at org.openqa.selenium.remote.http.W3CHttpResponseCodec.decode(W3CHttpResponseCodec.java:122)
	at org.openqa.selenium.remote.http.W3CHttpResponseCodec.decode(W3CHttpResponseCodec.java:49)
	at org.openqa.selenium.remote.HttpCommandExecutor.execute(HttpCommandExecutor.java:158)
	at org.openqa.selenium.remote.service.DriverCommandExecutor.execute(DriverCommandExecutor.java:83)
	at org.openqa.selenium.remote.RemoteWebDriver.execute(RemoteWebDriver.java:552)
	at org.openqa.selenium.remote.RemoteWebDriver.executeScript(RemoteWebDriver.java:489)
	at com.webtest.core.WebDriverEngine.runJs(Unknown Source)
	at com.webtest.ranzhicase.CashAccountTestCases.addspend(Unknown Source)
... Removed 27 stack frames]]>
    </failure>
  </testcase> <!-- addspend -->
  <testcase name="addspend" time="0.098" classname="com.webtest.ranzhicase.CashAccountTestCases">
    <failure type="org.openqa.selenium.JavascriptException" message="TypeError: document.getElementById(...) is null
Build info: version: &amp;apos;3.141.59&amp;apos;, revision: &amp;apos;e82be7d358&amp;apos;, time: &amp;apos;2018-11-14T08:25:53&amp;apos;
System info: host: &amp;apos;ABC123&amp;apos;, ip: &amp;apos;192.168.137.91&amp;apos;, os.name: &amp;apos;Windows 10&amp;apos;, os.arch: &amp;apos;amd64&amp;apos;, os.version: &amp;apos;10.0&amp;apos;, java.version: &amp;apos;1.8.0_73&amp;apos;
Driver info: org.openqa.selenium.firefox.FirefoxDriver
Capabilities {acceptInsecureCerts: true, browserName: firefox, browserVersion: 65.0.2, javascriptEnabled: true, moz:accessibilityChecks: false, moz:geckodriverVersion: 0.24.0, moz:headless: false, moz:processID: 17892, moz:profile: C:\Users\DELL\AppData\Local..., moz:shutdownTimeout: 60000, moz:useNonSpecCompliantPointerOrigin: false, moz:webdriverClick: true, pageLoadStrategy: normal, platform: WINDOWS, platformName: WINDOWS, platformVersion: 10.0, rotatable: false, setWindowRect: true, strictFileInteractability: false, timeouts: {implicit: 0, pageLoad: 300000, script: 30000}, unhandledPromptBehavior: dismiss and notify}
Session ID: 0e4edc65-4c68-465a-b38c-81c8402adba3">
      <![CDATA[org.openqa.selenium.JavascriptException: TypeError: document.getElementById(...) is null
Build info: version: '3.141.59', revision: 'e82be7d358', time: '2018-11-14T08:25:53'
System info: host: 'ABC123', ip: '192.168.137.91', os.name: 'Windows 10', os.arch: 'amd64', os.version: '10.0', java.version: '1.8.0_73'
Driver info: org.openqa.selenium.firefox.FirefoxDriver
Capabilities {acceptInsecureCerts: true, browserName: firefox, browserVersion: 65.0.2, javascriptEnabled: true, moz:accessibilityChecks: false, moz:geckodriverVersion: 0.24.0, moz:headless: false, moz:processID: 17892, moz:profile: C:\Users\DELL\AppData\Local..., moz:shutdownTimeout: 60000, moz:useNonSpecCompliantPointerOrigin: false, moz:webdriverClick: true, pageLoadStrategy: normal, platform: WINDOWS, platformName: WINDOWS, platformVersion: 10.0, rotatable: false, setWindowRect: true, strictFileInteractability: false, timeouts: {implicit: 0, pageLoad: 300000, script: 30000}, unhandledPromptBehavior: dismiss and notify}
Session ID: 0e4edc65-4c68-465a-b38c-81c8402adba3
	at org.openqa.selenium.remote.http.W3CHttpResponseCodec.createException(W3CHttpResponseCodec.java:187)
	at org.openqa.selenium.remote.http.W3CHttpResponseCodec.decode(W3CHttpResponseCodec.java:122)
	at org.openqa.selenium.remote.http.W3CHttpResponseCodec.decode(W3CHttpResponseCodec.java:49)
	at org.openqa.selenium.remote.HttpCommandExecutor.execute(HttpCommandExecutor.java:158)
	at org.openqa.selenium.remote.service.DriverCommandExecutor.execute(DriverCommandExecutor.java:83)
	at org.openqa.selenium.remote.RemoteWebDriver.execute(RemoteWebDriver.java:552)
	at org.openqa.selenium.remote.RemoteWebDriver.executeScript(RemoteWebDriver.java:489)
	at com.webtest.core.WebDriverEngine.runJs(Unknown Source)
	at com.webtest.ranzhicase.CashAccountTestCases.addspend(Unknown Source)
... Removed 27 stack frames]]>
    </failure>
  </testcase> <!-- addspend -->
  <testcase name="checkaccount" time="0.028" classname="com.webtest.ranzhicase.CashAccountTestCases">
    <failure type="org.openqa.selenium.JavascriptException" message="TypeError: document.getElementById(...) is null
Build info: version: &amp;apos;3.141.59&amp;apos;, revision: &amp;apos;e82be7d358&amp;apos;, time: &amp;apos;2018-11-14T08:25:53&amp;apos;
System info: host: &amp;apos;ABC123&amp;apos;, ip: &amp;apos;192.168.137.91&amp;apos;, os.name: &amp;apos;Windows 10&amp;apos;, os.arch: &amp;apos;amd64&amp;apos;, os.version: &amp;apos;10.0&amp;apos;, java.version: &amp;apos;1.8.0_73&amp;apos;
Driver info: org.openqa.selenium.firefox.FirefoxDriver
Capabilities {acceptInsecureCerts: true, browserName: firefox, browserVersion: 65.0.2, javascriptEnabled: true, moz:accessibilityChecks: false, moz:geckodriverVersion: 0.24.0, moz:headless: false, moz:processID: 17892, moz:profile: C:\Users\DELL\AppData\Local..., moz:shutdownTimeout: 60000, moz:useNonSpecCompliantPointerOrigin: false, moz:webdriverClick: true, pageLoadStrategy: normal, platform: WINDOWS, platformName: WINDOWS, platformVersion: 10.0, rotatable: false, setWindowRect: true, strictFileInteractability: false, timeouts: {implicit: 0, pageLoad: 300000, script: 30000}, unhandledPromptBehavior: dismiss and notify}
Session ID: 0e4edc65-4c68-465a-b38c-81c8402adba3">
      <![CDATA[org.openqa.selenium.JavascriptException: TypeError: document.getElementById(...) is null
Build info: version: '3.141.59', revision: 'e82be7d358', time: '2018-11-14T08:25:53'
System info: host: 'ABC123', ip: '192.168.137.91', os.name: 'Windows 10', os.arch: 'amd64', os.version: '10.0', java.version: '1.8.0_73'
Driver info: org.openqa.selenium.firefox.FirefoxDriver
Capabilities {acceptInsecureCerts: true, browserName: firefox, browserVersion: 65.0.2, javascriptEnabled: true, moz:accessibilityChecks: false, moz:geckodriverVersion: 0.24.0, moz:headless: false, moz:processID: 17892, moz:profile: C:\Users\DELL\AppData\Local..., moz:shutdownTimeout: 60000, moz:useNonSpecCompliantPointerOrigin: false, moz:webdriverClick: true, pageLoadStrategy: normal, platform: WINDOWS, platformName: WINDOWS, platformVersion: 10.0, rotatable: false, setWindowRect: true, strictFileInteractability: false, timeouts: {implicit: 0, pageLoad: 300000, script: 30000}, unhandledPromptBehavior: dismiss and notify}
Session ID: 0e4edc65-4c68-465a-b38c-81c8402adba3
	at org.openqa.selenium.remote.http.W3CHttpResponseCodec.createException(W3CHttpResponseCodec.java:187)
	at org.openqa.selenium.remote.http.W3CHttpResponseCodec.decode(W3CHttpResponseCodec.java:122)
	at org.openqa.selenium.remote.http.W3CHttpResponseCodec.decode(W3CHttpResponseCodec.java:49)
	at org.openqa.selenium.remote.HttpCommandExecutor.execute(HttpCommandExecutor.java:158)
	at org.openqa.selenium.remote.service.DriverCommandExecutor.execute(DriverCommandExecutor.java:83)
	at org.openqa.selenium.remote.RemoteWebDriver.execute(RemoteWebDriver.java:552)
	at org.openqa.selenium.remote.RemoteWebDriver.executeScript(RemoteWebDriver.java:489)
	at com.webtest.core.WebDriverEngine.runJs(Unknown Source)
	at com.webtest.ranzhicase.CashAccountTestCases.checkaccount(Unknown Source)
... Removed 27 stack frames]]>
    </failure>
  </testcase> <!-- checkaccount -->
  <testcase name="demo01" time="0.043" classname="com.webtest.ranzhicase.CashAccountTestCases"/>
  <testcase name="demo02" time="0.037" classname="com.webtest.ranzhicase.CashAccountTestCases">
    <failure type="org.openqa.selenium.JavascriptException" message="TypeError: document.getElementById(...) is null
Build info: version: &amp;apos;3.141.59&amp;apos;, revision: &amp;apos;e82be7d358&amp;apos;, time: &amp;apos;2018-11-14T08:25:53&amp;apos;
System info: host: &amp;apos;ABC123&amp;apos;, ip: &amp;apos;192.168.137.91&amp;apos;, os.name: &amp;apos;Windows 10&amp;apos;, os.arch: &amp;apos;amd64&amp;apos;, os.version: &amp;apos;10.0&amp;apos;, java.version: &amp;apos;1.8.0_73&amp;apos;
Driver info: org.openqa.selenium.firefox.FirefoxDriver
Capabilities {acceptInsecureCerts: true, browserName: firefox, browserVersion: 65.0.2, javascriptEnabled: true, moz:accessibilityChecks: false, moz:geckodriverVersion: 0.24.0, moz:headless: false, moz:processID: 17892, moz:profile: C:\Users\DELL\AppData\Local..., moz:shutdownTimeout: 60000, moz:useNonSpecCompliantPointerOrigin: false, moz:webdriverClick: true, pageLoadStrategy: normal, platform: WINDOWS, platformName: WINDOWS, platformVersion: 10.0, rotatable: false, setWindowRect: true, strictFileInteractability: false, timeouts: {implicit: 0, pageLoad: 300000, script: 30000}, unhandledPromptBehavior: dismiss and notify}
Session ID: 0e4edc65-4c68-465a-b38c-81c8402adba3">
      <![CDATA[org.openqa.selenium.JavascriptException: TypeError: document.getElementById(...) is null
Build info: version: '3.141.59', revision: 'e82be7d358', time: '2018-11-14T08:25:53'
System info: host: 'ABC123', ip: '192.168.137.91', os.name: 'Windows 10', os.arch: 'amd64', os.version: '10.0', java.version: '1.8.0_73'
Driver info: org.openqa.selenium.firefox.FirefoxDriver
Capabilities {acceptInsecureCerts: true, browserName: firefox, browserVersion: 65.0.2, javascriptEnabled: true, moz:accessibilityChecks: false, moz:geckodriverVersion: 0.24.0, moz:headless: false, moz:processID: 17892, moz:profile: C:\Users\DELL\AppData\Local..., moz:shutdownTimeout: 60000, moz:useNonSpecCompliantPointerOrigin: false, moz:webdriverClick: true, pageLoadStrategy: normal, platform: WINDOWS, platformName: WINDOWS, platformVersion: 10.0, rotatable: false, setWindowRect: true, strictFileInteractability: false, timeouts: {implicit: 0, pageLoad: 300000, script: 30000}, unhandledPromptBehavior: dismiss and notify}
Session ID: 0e4edc65-4c68-465a-b38c-81c8402adba3
	at org.openqa.selenium.remote.http.W3CHttpResponseCodec.createException(W3CHttpResponseCodec.java:187)
	at org.openqa.selenium.remote.http.W3CHttpResponseCodec.decode(W3CHttpResponseCodec.java:122)
	at org.openqa.selenium.remote.http.W3CHttpResponseCodec.decode(W3CHttpResponseCodec.java:49)
	at org.openqa.selenium.remote.HttpCommandExecutor.execute(HttpCommandExecutor.java:158)
	at org.openqa.selenium.remote.service.DriverCommandExecutor.execute(DriverCommandExecutor.java:83)
	at org.openqa.selenium.remote.RemoteWebDriver.execute(RemoteWebDriver.java:552)
	at org.openqa.selenium.remote.RemoteWebDriver.executeScript(RemoteWebDriver.java:489)
	at com.webtest.core.WebDriverEngine.runJs(Unknown Source)
	at com.webtest.ranzhicase.CashAccountTestCases.demo02(Unknown Source)
... Removed 27 stack frames]]>
    </failure>
  </testcase> <!-- demo02 -->
  <testcase name="demo03" time="0.079" classname="com.webtest.ranzhicase.CashAccountTestCases">
    <failure type="org.openqa.selenium.JavascriptException" message="TypeError: document.getElementById(...) is null
Build info: version: &amp;apos;3.141.59&amp;apos;, revision: &amp;apos;e82be7d358&amp;apos;, time: &amp;apos;2018-11-14T08:25:53&amp;apos;
System info: host: &amp;apos;ABC123&amp;apos;, ip: &amp;apos;192.168.137.91&amp;apos;, os.name: &amp;apos;Windows 10&amp;apos;, os.arch: &amp;apos;amd64&amp;apos;, os.version: &amp;apos;10.0&amp;apos;, java.version: &amp;apos;1.8.0_73&amp;apos;
Driver info: org.openqa.selenium.firefox.FirefoxDriver
Capabilities {acceptInsecureCerts: true, browserName: firefox, browserVersion: 65.0.2, javascriptEnabled: true, moz:accessibilityChecks: false, moz:geckodriverVersion: 0.24.0, moz:headless: false, moz:processID: 17892, moz:profile: C:\Users\DELL\AppData\Local..., moz:shutdownTimeout: 60000, moz:useNonSpecCompliantPointerOrigin: false, moz:webdriverClick: true, pageLoadStrategy: normal, platform: WINDOWS, platformName: WINDOWS, platformVersion: 10.0, rotatable: false, setWindowRect: true, strictFileInteractability: false, timeouts: {implicit: 0, pageLoad: 300000, script: 30000}, unhandledPromptBehavior: dismiss and notify}
Session ID: 0e4edc65-4c68-465a-b38c-81c8402adba3">
      <![CDATA[org.openqa.selenium.JavascriptException: TypeError: document.getElementById(...) is null
Build info: version: '3.141.59', revision: 'e82be7d358', time: '2018-11-14T08:25:53'
System info: host: 'ABC123', ip: '192.168.137.91', os.name: 'Windows 10', os.arch: 'amd64', os.version: '10.0', java.version: '1.8.0_73'
Driver info: org.openqa.selenium.firefox.FirefoxDriver
Capabilities {acceptInsecureCerts: true, browserName: firefox, browserVersion: 65.0.2, javascriptEnabled: true, moz:accessibilityChecks: false, moz:geckodriverVersion: 0.24.0, moz:headless: false, moz:processID: 17892, moz:profile: C:\Users\DELL\AppData\Local..., moz:shutdownTimeout: 60000, moz:useNonSpecCompliantPointerOrigin: false, moz:webdriverClick: true, pageLoadStrategy: normal, platform: WINDOWS, platformName: WINDOWS, platformVersion: 10.0, rotatable: false, setWindowRect: true, strictFileInteractability: false, timeouts: {implicit: 0, pageLoad: 300000, script: 30000}, unhandledPromptBehavior: dismiss and notify}
Session ID: 0e4edc65-4c68-465a-b38c-81c8402adba3
	at org.openqa.selenium.remote.http.W3CHttpResponseCodec.createException(W3CHttpResponseCodec.java:187)
	at org.openqa.selenium.remote.http.W3CHttpResponseCodec.decode(W3CHttpResponseCodec.java:122)
	at org.openqa.selenium.remote.http.W3CHttpResponseCodec.decode(W3CHttpResponseCodec.java:49)
	at org.openqa.selenium.remote.HttpCommandExecutor.execute(HttpCommandExecutor.java:158)
	at org.openqa.selenium.remote.service.DriverCommandExecutor.execute(DriverCommandExecutor.java:83)
	at org.openqa.selenium.remote.RemoteWebDriver.execute(RemoteWebDriver.java:552)
	at org.openqa.selenium.remote.RemoteWebDriver.executeScript(RemoteWebDriver.java:489)
	at com.webtest.core.WebDriverEngine.runJs(Unknown Source)
	at com.webtest.ranzhicase.CashAccountTestCases.demo03(Unknown Source)
... Removed 27 stack frames]]>
    </failure>
  </testcase> <!-- demo03 -->
  <testcase name="demo04" time="0.047" classname="com.webtest.ranzhicase.CashAccountTestCases"/>
  <testcase name="demo05" time="0.08" classname="com.webtest.ranzhicase.CashAccountTestCases"/>
  <testcase name="demo06" time="0.091" classname="com.webtest.ranzhicase.CashAccountTestCases"/>
  <testcase name="demo07" time="0.061" classname="com.webtest.ranzhicase.CashAccountTestCases"/>
  <testcase name="demo08" time="0.111" classname="com.webtest.ranzhicase.CashAccountTestCases"/>
  <testcase name="demo09" time="0.086" classname="com.webtest.ranzhicase.CashAccountTestCases"/>
  <testcase name="demo10" time="0.093" classname="com.webtest.ranzhicase.CashAccountTestCases"/>
  <testcase name="demo11" time="1.273" classname="com.webtest.ranzhicase.CashAccountTestCases">
    <failure type="org.openqa.selenium.JavascriptException" message="TypeError: document.getElementById(...) is null
Build info: version: &amp;apos;3.141.59&amp;apos;, revision: &amp;apos;e82be7d358&amp;apos;, time: &amp;apos;2018-11-14T08:25:53&amp;apos;
System info: host: &amp;apos;ABC123&amp;apos;, ip: &amp;apos;192.168.137.91&amp;apos;, os.name: &amp;apos;Windows 10&amp;apos;, os.arch: &amp;apos;amd64&amp;apos;, os.version: &amp;apos;10.0&amp;apos;, java.version: &amp;apos;1.8.0_73&amp;apos;
Driver info: org.openqa.selenium.firefox.FirefoxDriver
Capabilities {acceptInsecureCerts: true, browserName: firefox, browserVersion: 65.0.2, javascriptEnabled: true, moz:accessibilityChecks: false, moz:geckodriverVersion: 0.24.0, moz:headless: false, moz:processID: 17892, moz:profile: C:\Users\DELL\AppData\Local..., moz:shutdownTimeout: 60000, moz:useNonSpecCompliantPointerOrigin: false, moz:webdriverClick: true, pageLoadStrategy: normal, platform: WINDOWS, platformName: WINDOWS, platformVersion: 10.0, rotatable: false, setWindowRect: true, strictFileInteractability: false, timeouts: {implicit: 0, pageLoad: 300000, script: 30000}, unhandledPromptBehavior: dismiss and notify}
Session ID: 0e4edc65-4c68-465a-b38c-81c8402adba3">
      <![CDATA[org.openqa.selenium.JavascriptException: TypeError: document.getElementById(...) is null
Build info: version: '3.141.59', revision: 'e82be7d358', time: '2018-11-14T08:25:53'
System info: host: 'ABC123', ip: '192.168.137.91', os.name: 'Windows 10', os.arch: 'amd64', os.version: '10.0', java.version: '1.8.0_73'
Driver info: org.openqa.selenium.firefox.FirefoxDriver
Capabilities {acceptInsecureCerts: true, browserName: firefox, browserVersion: 65.0.2, javascriptEnabled: true, moz:accessibilityChecks: false, moz:geckodriverVersion: 0.24.0, moz:headless: false, moz:processID: 17892, moz:profile: C:\Users\DELL\AppData\Local..., moz:shutdownTimeout: 60000, moz:useNonSpecCompliantPointerOrigin: false, moz:webdriverClick: true, pageLoadStrategy: normal, platform: WINDOWS, platformName: WINDOWS, platformVersion: 10.0, rotatable: false, setWindowRect: true, strictFileInteractability: false, timeouts: {implicit: 0, pageLoad: 300000, script: 30000}, unhandledPromptBehavior: dismiss and notify}
Session ID: 0e4edc65-4c68-465a-b38c-81c8402adba3
	at org.openqa.selenium.remote.http.W3CHttpResponseCodec.createException(W3CHttpResponseCodec.java:187)
	at org.openqa.selenium.remote.http.W3CHttpResponseCodec.decode(W3CHttpResponseCodec.java:122)
	at org.openqa.selenium.remote.http.W3CHttpResponseCodec.decode(W3CHttpResponseCodec.java:49)
	at org.openqa.selenium.remote.HttpCommandExecutor.execute(HttpCommandExecutor.java:158)
	at org.openqa.selenium.remote.service.DriverCommandExecutor.execute(DriverCommandExecutor.java:83)
	at org.openqa.selenium.remote.RemoteWebDriver.execute(RemoteWebDriver.java:552)
	at org.openqa.selenium.remote.RemoteWebDriver.executeScript(RemoteWebDriver.java:489)
	at com.webtest.core.WebDriverEngine.runJs(Unknown Source)
	at com.webtest.ranzhicase.CashAccountTestCases.demo11(Unknown Source)
... Removed 27 stack frames]]>
    </failure>
  </testcase> <!-- demo11 -->
  <testcase name="demo12" time="1.395" classname="com.webtest.ranzhicase.CashAccountTestCases"/>
  <testcase name="demo13" time="1.171" classname="com.webtest.ranzhicase.CashAccountTestCases"/>
  <testcase name="demo14" time="0.068" classname="com.webtest.ranzhicase.CashAccountTestCases"/>
  <testcase name="demo15" time="1.366" classname="com.webtest.ranzhicase.CashAccountTestCases"/>
  <testcase name="demo16" time="1.181" classname="com.webtest.ranzhicase.CashAccountTestCases"/>
  <testcase name="demo17" time="1.395" classname="com.webtest.ranzhicase.CashAccountTestCases"/>
  <testcase name="demo18" time="1.177" classname="com.webtest.ranzhicase.CashAccountTestCases"/>
  <testcase name="demo19" time="0.065" classname="com.webtest.ranzhicase.CashAccountTestCases"/>
  <testcase name="demo20" time="0.081" classname="com.webtest.ranzhicase.CashAccountTestCases">
    <failure type="java.lang.NullPointerException">
      <![CDATA[java.lang.NullPointerException
	at org.openqa.selenium.support.ui.Select.<init>(Select.java:45)
	at com.webtest.core.WebDriverEngine.getSelect(Unknown Source)
	at com.webtest.core.WebDriverEngine.selectByIndex(Unknown Source)
	at com.webtest.ranzhicase.CashAccountTestCases.demo20(Unknown Source)
... Removed 23 stack frames]]>
    </failure>
  </testcase> <!-- demo20 -->
  <testcase name="demo21" time="0.053" classname="com.webtest.ranzhicase.CashAccountTestCases"/>
  <testcase name="demo22" time="0.034" classname="com.webtest.ranzhicase.CashAccountTestCases">
    <failure type="java.lang.NullPointerException">
      <![CDATA[java.lang.NullPointerException
	at org.openqa.selenium.support.ui.Select.<init>(Select.java:45)
	at com.webtest.core.WebDriverEngine.getSelect(Unknown Source)
	at com.webtest.core.WebDriverEngine.selectByIndex(Unknown Source)
	at com.webtest.ranzhicase.CashAccountTestCases.demo22(Unknown Source)
... Removed 23 stack frames]]>
    </failure>
  </testcase> <!-- demo22 -->
  <testcase name="demo23" time="0.019" classname="com.webtest.ranzhicase.CashAccountTestCases">
    <failure type="org.openqa.selenium.JavascriptException" message="TypeError: document.getElementById(...) is null
Build info: version: &amp;apos;3.141.59&amp;apos;, revision: &amp;apos;e82be7d358&amp;apos;, time: &amp;apos;2018-11-14T08:25:53&amp;apos;
System info: host: &amp;apos;ABC123&amp;apos;, ip: &amp;apos;192.168.137.91&amp;apos;, os.name: &amp;apos;Windows 10&amp;apos;, os.arch: &amp;apos;amd64&amp;apos;, os.version: &amp;apos;10.0&amp;apos;, java.version: &amp;apos;1.8.0_73&amp;apos;
Driver info: org.openqa.selenium.firefox.FirefoxDriver
Capabilities {acceptInsecureCerts: true, browserName: firefox, browserVersion: 65.0.2, javascriptEnabled: true, moz:accessibilityChecks: false, moz:geckodriverVersion: 0.24.0, moz:headless: false, moz:processID: 17892, moz:profile: C:\Users\DELL\AppData\Local..., moz:shutdownTimeout: 60000, moz:useNonSpecCompliantPointerOrigin: false, moz:webdriverClick: true, pageLoadStrategy: normal, platform: WINDOWS, platformName: WINDOWS, platformVersion: 10.0, rotatable: false, setWindowRect: true, strictFileInteractability: false, timeouts: {implicit: 0, pageLoad: 300000, script: 30000}, unhandledPromptBehavior: dismiss and notify}
Session ID: 0e4edc65-4c68-465a-b38c-81c8402adba3">
      <![CDATA[org.openqa.selenium.JavascriptException: TypeError: document.getElementById(...) is null
Build info: version: '3.141.59', revision: 'e82be7d358', time: '2018-11-14T08:25:53'
System info: host: 'ABC123', ip: '192.168.137.91', os.name: 'Windows 10', os.arch: 'amd64', os.version: '10.0', java.version: '1.8.0_73'
Driver info: org.openqa.selenium.firefox.FirefoxDriver
Capabilities {acceptInsecureCerts: true, browserName: firefox, browserVersion: 65.0.2, javascriptEnabled: true, moz:accessibilityChecks: false, moz:geckodriverVersion: 0.24.0, moz:headless: false, moz:processID: 17892, moz:profile: C:\Users\DELL\AppData\Local..., moz:shutdownTimeout: 60000, moz:useNonSpecCompliantPointerOrigin: false, moz:webdriverClick: true, pageLoadStrategy: normal, platform: WINDOWS, platformName: WINDOWS, platformVersion: 10.0, rotatable: false, setWindowRect: true, strictFileInteractability: false, timeouts: {implicit: 0, pageLoad: 300000, script: 30000}, unhandledPromptBehavior: dismiss and notify}
Session ID: 0e4edc65-4c68-465a-b38c-81c8402adba3
	at org.openqa.selenium.remote.http.W3CHttpResponseCodec.createException(W3CHttpResponseCodec.java:187)
	at org.openqa.selenium.remote.http.W3CHttpResponseCodec.decode(W3CHttpResponseCodec.java:122)
	at org.openqa.selenium.remote.http.W3CHttpResponseCodec.decode(W3CHttpResponseCodec.java:49)
	at org.openqa.selenium.remote.HttpCommandExecutor.execute(HttpCommandExecutor.java:158)
	at org.openqa.selenium.remote.service.DriverCommandExecutor.execute(DriverCommandExecutor.java:83)
	at org.openqa.selenium.remote.RemoteWebDriver.execute(RemoteWebDriver.java:552)
	at org.openqa.selenium.remote.RemoteWebDriver.executeScript(RemoteWebDriver.java:489)
	at com.webtest.core.WebDriverEngine.runJs(Unknown Source)
	at com.webtest.ranzhicase.CashAccountTestCases.demo23(Unknown Source)
... Removed 27 stack frames]]>
    </failure>
  </testcase> <!-- demo23 -->
  <testcase name="demo24" time="0.03" classname="com.webtest.ranzhicase.CashAccountTestCases">
    <failure type="org.openqa.selenium.JavascriptException" message="TypeError: document.getElementById(...) is null
Build info: version: &amp;apos;3.141.59&amp;apos;, revision: &amp;apos;e82be7d358&amp;apos;, time: &amp;apos;2018-11-14T08:25:53&amp;apos;
System info: host: &amp;apos;ABC123&amp;apos;, ip: &amp;apos;192.168.137.91&amp;apos;, os.name: &amp;apos;Windows 10&amp;apos;, os.arch: &amp;apos;amd64&amp;apos;, os.version: &amp;apos;10.0&amp;apos;, java.version: &amp;apos;1.8.0_73&amp;apos;
Driver info: org.openqa.selenium.firefox.FirefoxDriver
Capabilities {acceptInsecureCerts: true, browserName: firefox, browserVersion: 65.0.2, javascriptEnabled: true, moz:accessibilityChecks: false, moz:geckodriverVersion: 0.24.0, moz:headless: false, moz:processID: 17892, moz:profile: C:\Users\DELL\AppData\Local..., moz:shutdownTimeout: 60000, moz:useNonSpecCompliantPointerOrigin: false, moz:webdriverClick: true, pageLoadStrategy: normal, platform: WINDOWS, platformName: WINDOWS, platformVersion: 10.0, rotatable: false, setWindowRect: true, strictFileInteractability: false, timeouts: {implicit: 0, pageLoad: 300000, script: 30000}, unhandledPromptBehavior: dismiss and notify}
Session ID: 0e4edc65-4c68-465a-b38c-81c8402adba3">
      <![CDATA[org.openqa.selenium.JavascriptException: TypeError: document.getElementById(...) is null
Build info: version: '3.141.59', revision: 'e82be7d358', time: '2018-11-14T08:25:53'
System info: host: 'ABC123', ip: '192.168.137.91', os.name: 'Windows 10', os.arch: 'amd64', os.version: '10.0', java.version: '1.8.0_73'
Driver info: org.openqa.selenium.firefox.FirefoxDriver
Capabilities {acceptInsecureCerts: true, browserName: firefox, browserVersion: 65.0.2, javascriptEnabled: true, moz:accessibilityChecks: false, moz:geckodriverVersion: 0.24.0, moz:headless: false, moz:processID: 17892, moz:profile: C:\Users\DELL\AppData\Local..., moz:shutdownTimeout: 60000, moz:useNonSpecCompliantPointerOrigin: false, moz:webdriverClick: true, pageLoadStrategy: normal, platform: WINDOWS, platformName: WINDOWS, platformVersion: 10.0, rotatable: false, setWindowRect: true, strictFileInteractability: false, timeouts: {implicit: 0, pageLoad: 300000, script: 30000}, unhandledPromptBehavior: dismiss and notify}
Session ID: 0e4edc65-4c68-465a-b38c-81c8402adba3
	at org.openqa.selenium.remote.http.W3CHttpResponseCodec.createException(W3CHttpResponseCodec.java:187)
	at org.openqa.selenium.remote.http.W3CHttpResponseCodec.decode(W3CHttpResponseCodec.java:122)
	at org.openqa.selenium.remote.http.W3CHttpResponseCodec.decode(W3CHttpResponseCodec.java:49)
	at org.openqa.selenium.remote.HttpCommandExecutor.execute(HttpCommandExecutor.java:158)
	at org.openqa.selenium.remote.service.DriverCommandExecutor.execute(DriverCommandExecutor.java:83)
	at org.openqa.selenium.remote.RemoteWebDriver.execute(RemoteWebDriver.java:552)
	at org.openqa.selenium.remote.RemoteWebDriver.executeScript(RemoteWebDriver.java:489)
	at com.webtest.core.WebDriverEngine.runJs(Unknown Source)
	at com.webtest.ranzhicase.CashAccountTestCases.demo24(Unknown Source)
... Removed 27 stack frames]]>
    </failure>
  </testcase> <!-- demo24 -->
  <testcase name="demo25" time="1.352" classname="com.webtest.ranzhicase.CashAccountTestCases"/>
  <testcase name="demo26" time="1.211" classname="com.webtest.ranzhicase.CashAccountTestCases"/>
  <testcase name="demo27" time="1.369" classname="com.webtest.ranzhicase.CashAccountTestCases">
    <failure type="org.openqa.selenium.JavascriptException" message="TypeError: document.getElementById(...) is null
Build info: version: &amp;apos;3.141.59&amp;apos;, revision: &amp;apos;e82be7d358&amp;apos;, time: &amp;apos;2018-11-14T08:25:53&amp;apos;
System info: host: &amp;apos;ABC123&amp;apos;, ip: &amp;apos;192.168.137.91&amp;apos;, os.name: &amp;apos;Windows 10&amp;apos;, os.arch: &amp;apos;amd64&amp;apos;, os.version: &amp;apos;10.0&amp;apos;, java.version: &amp;apos;1.8.0_73&amp;apos;
Driver info: org.openqa.selenium.firefox.FirefoxDriver
Capabilities {acceptInsecureCerts: true, browserName: firefox, browserVersion: 65.0.2, javascriptEnabled: true, moz:accessibilityChecks: false, moz:geckodriverVersion: 0.24.0, moz:headless: false, moz:processID: 17892, moz:profile: C:\Users\DELL\AppData\Local..., moz:shutdownTimeout: 60000, moz:useNonSpecCompliantPointerOrigin: false, moz:webdriverClick: true, pageLoadStrategy: normal, platform: WINDOWS, platformName: WINDOWS, platformVersion: 10.0, rotatable: false, setWindowRect: true, strictFileInteractability: false, timeouts: {implicit: 0, pageLoad: 300000, script: 30000}, unhandledPromptBehavior: dismiss and notify}
Session ID: 0e4edc65-4c68-465a-b38c-81c8402adba3">
      <![CDATA[org.openqa.selenium.JavascriptException: TypeError: document.getElementById(...) is null
Build info: version: '3.141.59', revision: 'e82be7d358', time: '2018-11-14T08:25:53'
System info: host: 'ABC123', ip: '192.168.137.91', os.name: 'Windows 10', os.arch: 'amd64', os.version: '10.0', java.version: '1.8.0_73'
Driver info: org.openqa.selenium.firefox.FirefoxDriver
Capabilities {acceptInsecureCerts: true, browserName: firefox, browserVersion: 65.0.2, javascriptEnabled: true, moz:accessibilityChecks: false, moz:geckodriverVersion: 0.24.0, moz:headless: false, moz:processID: 17892, moz:profile: C:\Users\DELL\AppData\Local..., moz:shutdownTimeout: 60000, moz:useNonSpecCompliantPointerOrigin: false, moz:webdriverClick: true, pageLoadStrategy: normal, platform: WINDOWS, platformName: WINDOWS, platformVersion: 10.0, rotatable: false, setWindowRect: true, strictFileInteractability: false, timeouts: {implicit: 0, pageLoad: 300000, script: 30000}, unhandledPromptBehavior: dismiss and notify}
Session ID: 0e4edc65-4c68-465a-b38c-81c8402adba3
	at org.openqa.selenium.remote.http.W3CHttpResponseCodec.createException(W3CHttpResponseCodec.java:187)
	at org.openqa.selenium.remote.http.W3CHttpResponseCodec.decode(W3CHttpResponseCodec.java:122)
	at org.openqa.selenium.remote.http.W3CHttpResponseCodec.decode(W3CHttpResponseCodec.java:49)
	at org.openqa.selenium.remote.HttpCommandExecutor.execute(HttpCommandExecutor.java:158)
	at org.openqa.selenium.remote.service.DriverCommandExecutor.execute(DriverCommandExecutor.java:83)
	at org.openqa.selenium.remote.RemoteWebDriver.execute(RemoteWebDriver.java:552)
	at org.openqa.selenium.remote.RemoteWebDriver.executeScript(RemoteWebDriver.java:489)
	at com.webtest.core.WebDriverEngine.runJs(Unknown Source)
	at com.webtest.ranzhicase.CashAccountTestCases.demo27(Unknown Source)
... Removed 27 stack frames]]>
    </failure>
  </testcase> <!-- demo27 -->
  <testcase name="demo28" time="0.035" classname="com.webtest.ranzhicase.CashAccountTestCases">
    <failure type="org.openqa.selenium.JavascriptException" message="TypeError: document.getElementById(...) is null
Build info: version: &amp;apos;3.141.59&amp;apos;, revision: &amp;apos;e82be7d358&amp;apos;, time: &amp;apos;2018-11-14T08:25:53&amp;apos;
System info: host: &amp;apos;ABC123&amp;apos;, ip: &amp;apos;192.168.137.91&amp;apos;, os.name: &amp;apos;Windows 10&amp;apos;, os.arch: &amp;apos;amd64&amp;apos;, os.version: &amp;apos;10.0&amp;apos;, java.version: &amp;apos;1.8.0_73&amp;apos;
Driver info: org.openqa.selenium.firefox.FirefoxDriver
Capabilities {acceptInsecureCerts: true, browserName: firefox, browserVersion: 65.0.2, javascriptEnabled: true, moz:accessibilityChecks: false, moz:geckodriverVersion: 0.24.0, moz:headless: false, moz:processID: 17892, moz:profile: C:\Users\DELL\AppData\Local..., moz:shutdownTimeout: 60000, moz:useNonSpecCompliantPointerOrigin: false, moz:webdriverClick: true, pageLoadStrategy: normal, platform: WINDOWS, platformName: WINDOWS, platformVersion: 10.0, rotatable: false, setWindowRect: true, strictFileInteractability: false, timeouts: {implicit: 0, pageLoad: 300000, script: 30000}, unhandledPromptBehavior: dismiss and notify}
Session ID: 0e4edc65-4c68-465a-b38c-81c8402adba3">
      <![CDATA[org.openqa.selenium.JavascriptException: TypeError: document.getElementById(...) is null
Build info: version: '3.141.59', revision: 'e82be7d358', time: '2018-11-14T08:25:53'
System info: host: 'ABC123', ip: '192.168.137.91', os.name: 'Windows 10', os.arch: 'amd64', os.version: '10.0', java.version: '1.8.0_73'
Driver info: org.openqa.selenium.firefox.FirefoxDriver
Capabilities {acceptInsecureCerts: true, browserName: firefox, browserVersion: 65.0.2, javascriptEnabled: true, moz:accessibilityChecks: false, moz:geckodriverVersion: 0.24.0, moz:headless: false, moz:processID: 17892, moz:profile: C:\Users\DELL\AppData\Local..., moz:shutdownTimeout: 60000, moz:useNonSpecCompliantPointerOrigin: false, moz:webdriverClick: true, pageLoadStrategy: normal, platform: WINDOWS, platformName: WINDOWS, platformVersion: 10.0, rotatable: false, setWindowRect: true, strictFileInteractability: false, timeouts: {implicit: 0, pageLoad: 300000, script: 30000}, unhandledPromptBehavior: dismiss and notify}
Session ID: 0e4edc65-4c68-465a-b38c-81c8402adba3
	at org.openqa.selenium.remote.http.W3CHttpResponseCodec.createException(W3CHttpResponseCodec.java:187)
	at org.openqa.selenium.remote.http.W3CHttpResponseCodec.decode(W3CHttpResponseCodec.java:122)
	at org.openqa.selenium.remote.http.W3CHttpResponseCodec.decode(W3CHttpResponseCodec.java:49)
	at org.openqa.selenium.remote.HttpCommandExecutor.execute(HttpCommandExecutor.java:158)
	at org.openqa.selenium.remote.service.DriverCommandExecutor.execute(DriverCommandExecutor.java:83)
	at org.openqa.selenium.remote.RemoteWebDriver.execute(RemoteWebDriver.java:552)
	at org.openqa.selenium.remote.RemoteWebDriver.executeScript(RemoteWebDriver.java:489)
	at com.webtest.core.WebDriverEngine.runJs(Unknown Source)
	at com.webtest.ranzhicase.CashAccountTestCases.demo28(Unknown Source)
... Removed 27 stack frames]]>
    </failure>
  </testcase> <!-- demo28 -->
  <testcase name="demo29" time="0.03" classname="com.webtest.ranzhicase.CashAccountTestCases">
    <failure type="java.lang.NullPointerException">
      <![CDATA[java.lang.NullPointerException
	at org.openqa.selenium.support.ui.Select.<init>(Select.java:45)
	at com.webtest.core.WebDriverEngine.getSelect(Unknown Source)
	at com.webtest.core.WebDriverEngine.selectByIndex(Unknown Source)
	at com.webtest.ranzhicase.CashAccountTestCases.demo29(Unknown Source)
... Removed 23 stack frames]]>
    </failure>
  </testcase> <!-- demo29 -->
  <testcase name="demo30" time="1.116" classname="com.webtest.ranzhicase.CashAccountTestCases"/>
  <testcase name="edittranser" time="1.377" classname="com.webtest.ranzhicase.CashAccountTestCases"/>
  <testcase name="newaccount" time="0.085" classname="com.webtest.ranzhicase.CashAccountTestCases"/>
  <testcase name="newaccount" time="0.079" classname="com.webtest.ranzhicase.CashAccountTestCases"/>
  <testcase name="newaccount" time="0.062" classname="com.webtest.ranzhicase.CashAccountTestCases"/>
  <testcase name="newaccount" time="0.066" classname="com.webtest.ranzhicase.CashAccountTestCases"/>
  <testcase name="newaccount" time="0.069" classname="com.webtest.ranzhicase.CashAccountTestCases"/>
  <testcase name="testmoney" time="0.034" classname="com.webtest.ranzhicase.CashAccountTestCases">
    <failure type="org.openqa.selenium.JavascriptException" message="TypeError: document.getElementById(...) is null
Build info: version: &amp;apos;3.141.59&amp;apos;, revision: &amp;apos;e82be7d358&amp;apos;, time: &amp;apos;2018-11-14T08:25:53&amp;apos;
System info: host: &amp;apos;ABC123&amp;apos;, ip: &amp;apos;192.168.137.91&amp;apos;, os.name: &amp;apos;Windows 10&amp;apos;, os.arch: &amp;apos;amd64&amp;apos;, os.version: &amp;apos;10.0&amp;apos;, java.version: &amp;apos;1.8.0_73&amp;apos;
Driver info: org.openqa.selenium.firefox.FirefoxDriver
Capabilities {acceptInsecureCerts: true, browserName: firefox, browserVersion: 65.0.2, javascriptEnabled: true, moz:accessibilityChecks: false, moz:geckodriverVersion: 0.24.0, moz:headless: false, moz:processID: 17892, moz:profile: C:\Users\DELL\AppData\Local..., moz:shutdownTimeout: 60000, moz:useNonSpecCompliantPointerOrigin: false, moz:webdriverClick: true, pageLoadStrategy: normal, platform: WINDOWS, platformName: WINDOWS, platformVersion: 10.0, rotatable: false, setWindowRect: true, strictFileInteractability: false, timeouts: {implicit: 0, pageLoad: 300000, script: 30000}, unhandledPromptBehavior: dismiss and notify}
Session ID: 0e4edc65-4c68-465a-b38c-81c8402adba3">
      <![CDATA[org.openqa.selenium.JavascriptException: TypeError: document.getElementById(...) is null
Build info: version: '3.141.59', revision: 'e82be7d358', time: '2018-11-14T08:25:53'
System info: host: 'ABC123', ip: '192.168.137.91', os.name: 'Windows 10', os.arch: 'amd64', os.version: '10.0', java.version: '1.8.0_73'
Driver info: org.openqa.selenium.firefox.FirefoxDriver
Capabilities {acceptInsecureCerts: true, browserName: firefox, browserVersion: 65.0.2, javascriptEnabled: true, moz:accessibilityChecks: false, moz:geckodriverVersion: 0.24.0, moz:headless: false, moz:processID: 17892, moz:profile: C:\Users\DELL\AppData\Local..., moz:shutdownTimeout: 60000, moz:useNonSpecCompliantPointerOrigin: false, moz:webdriverClick: true, pageLoadStrategy: normal, platform: WINDOWS, platformName: WINDOWS, platformVersion: 10.0, rotatable: false, setWindowRect: true, strictFileInteractability: false, timeouts: {implicit: 0, pageLoad: 300000, script: 30000}, unhandledPromptBehavior: dismiss and notify}
Session ID: 0e4edc65-4c68-465a-b38c-81c8402adba3
	at org.openqa.selenium.remote.http.W3CHttpResponseCodec.createException(W3CHttpResponseCodec.java:187)
	at org.openqa.selenium.remote.http.W3CHttpResponseCodec.decode(W3CHttpResponseCodec.java:122)
	at org.openqa.selenium.remote.http.W3CHttpResponseCodec.decode(W3CHttpResponseCodec.java:49)
	at org.openqa.selenium.remote.HttpCommandExecutor.execute(HttpCommandExecutor.java:158)
	at org.openqa.selenium.remote.service.DriverCommandExecutor.execute(DriverCommandExecutor.java:83)
	at org.openqa.selenium.remote.RemoteWebDriver.execute(RemoteWebDriver.java:552)
	at org.openqa.selenium.remote.RemoteWebDriver.executeScript(RemoteWebDriver.java:489)
	at com.webtest.core.WebDriverEngine.runJs(Unknown Source)
	at com.webtest.ranzhicase.CashAccountTestCases.testmoney(Unknown Source)
... Removed 27 stack frames]]>
    </failure>
  </testcase> <!-- testmoney -->
  <testcase name="testmoney" time="0.034" classname="com.webtest.ranzhicase.CashAccountTestCases">
    <failure type="org.openqa.selenium.JavascriptException" message="TypeError: document.getElementById(...) is null
Build info: version: &amp;apos;3.141.59&amp;apos;, revision: &amp;apos;e82be7d358&amp;apos;, time: &amp;apos;2018-11-14T08:25:53&amp;apos;
System info: host: &amp;apos;ABC123&amp;apos;, ip: &amp;apos;192.168.137.91&amp;apos;, os.name: &amp;apos;Windows 10&amp;apos;, os.arch: &amp;apos;amd64&amp;apos;, os.version: &amp;apos;10.0&amp;apos;, java.version: &amp;apos;1.8.0_73&amp;apos;
Driver info: org.openqa.selenium.firefox.FirefoxDriver
Capabilities {acceptInsecureCerts: true, browserName: firefox, browserVersion: 65.0.2, javascriptEnabled: true, moz:accessibilityChecks: false, moz:geckodriverVersion: 0.24.0, moz:headless: false, moz:processID: 17892, moz:profile: C:\Users\DELL\AppData\Local..., moz:shutdownTimeout: 60000, moz:useNonSpecCompliantPointerOrigin: false, moz:webdriverClick: true, pageLoadStrategy: normal, platform: WINDOWS, platformName: WINDOWS, platformVersion: 10.0, rotatable: false, setWindowRect: true, strictFileInteractability: false, timeouts: {implicit: 0, pageLoad: 300000, script: 30000}, unhandledPromptBehavior: dismiss and notify}
Session ID: 0e4edc65-4c68-465a-b38c-81c8402adba3">
      <![CDATA[org.openqa.selenium.JavascriptException: TypeError: document.getElementById(...) is null
Build info: version: '3.141.59', revision: 'e82be7d358', time: '2018-11-14T08:25:53'
System info: host: 'ABC123', ip: '192.168.137.91', os.name: 'Windows 10', os.arch: 'amd64', os.version: '10.0', java.version: '1.8.0_73'
Driver info: org.openqa.selenium.firefox.FirefoxDriver
Capabilities {acceptInsecureCerts: true, browserName: firefox, browserVersion: 65.0.2, javascriptEnabled: true, moz:accessibilityChecks: false, moz:geckodriverVersion: 0.24.0, moz:headless: false, moz:processID: 17892, moz:profile: C:\Users\DELL\AppData\Local..., moz:shutdownTimeout: 60000, moz:useNonSpecCompliantPointerOrigin: false, moz:webdriverClick: true, pageLoadStrategy: normal, platform: WINDOWS, platformName: WINDOWS, platformVersion: 10.0, rotatable: false, setWindowRect: true, strictFileInteractability: false, timeouts: {implicit: 0, pageLoad: 300000, script: 30000}, unhandledPromptBehavior: dismiss and notify}
Session ID: 0e4edc65-4c68-465a-b38c-81c8402adba3
	at org.openqa.selenium.remote.http.W3CHttpResponseCodec.createException(W3CHttpResponseCodec.java:187)
	at org.openqa.selenium.remote.http.W3CHttpResponseCodec.decode(W3CHttpResponseCodec.java:122)
	at org.openqa.selenium.remote.http.W3CHttpResponseCodec.decode(W3CHttpResponseCodec.java:49)
	at org.openqa.selenium.remote.HttpCommandExecutor.execute(HttpCommandExecutor.java:158)
	at org.openqa.selenium.remote.service.DriverCommandExecutor.execute(DriverCommandExecutor.java:83)
	at org.openqa.selenium.remote.RemoteWebDriver.execute(RemoteWebDriver.java:552)
	at org.openqa.selenium.remote.RemoteWebDriver.executeScript(RemoteWebDriver.java:489)
	at com.webtest.core.WebDriverEngine.runJs(Unknown Source)
	at com.webtest.ranzhicase.CashAccountTestCases.testmoney(Unknown Source)
... Removed 27 stack frames]]>
    </failure>
  </testcase> <!-- testmoney -->
  <testcase name="testmoney" time="0.032" classname="com.webtest.ranzhicase.CashAccountTestCases">
    <failure type="org.openqa.selenium.JavascriptException" message="TypeError: document.getElementById(...) is null
Build info: version: &amp;apos;3.141.59&amp;apos;, revision: &amp;apos;e82be7d358&amp;apos;, time: &amp;apos;2018-11-14T08:25:53&amp;apos;
System info: host: &amp;apos;ABC123&amp;apos;, ip: &amp;apos;192.168.137.91&amp;apos;, os.name: &amp;apos;Windows 10&amp;apos;, os.arch: &amp;apos;amd64&amp;apos;, os.version: &amp;apos;10.0&amp;apos;, java.version: &amp;apos;1.8.0_73&amp;apos;
Driver info: org.openqa.selenium.firefox.FirefoxDriver
Capabilities {acceptInsecureCerts: true, browserName: firefox, browserVersion: 65.0.2, javascriptEnabled: true, moz:accessibilityChecks: false, moz:geckodriverVersion: 0.24.0, moz:headless: false, moz:processID: 17892, moz:profile: C:\Users\DELL\AppData\Local..., moz:shutdownTimeout: 60000, moz:useNonSpecCompliantPointerOrigin: false, moz:webdriverClick: true, pageLoadStrategy: normal, platform: WINDOWS, platformName: WINDOWS, platformVersion: 10.0, rotatable: false, setWindowRect: true, strictFileInteractability: false, timeouts: {implicit: 0, pageLoad: 300000, script: 30000}, unhandledPromptBehavior: dismiss and notify}
Session ID: 0e4edc65-4c68-465a-b38c-81c8402adba3">
      <![CDATA[org.openqa.selenium.JavascriptException: TypeError: document.getElementById(...) is null
Build info: version: '3.141.59', revision: 'e82be7d358', time: '2018-11-14T08:25:53'
System info: host: 'ABC123', ip: '192.168.137.91', os.name: 'Windows 10', os.arch: 'amd64', os.version: '10.0', java.version: '1.8.0_73'
Driver info: org.openqa.selenium.firefox.FirefoxDriver
Capabilities {acceptInsecureCerts: true, browserName: firefox, browserVersion: 65.0.2, javascriptEnabled: true, moz:accessibilityChecks: false, moz:geckodriverVersion: 0.24.0, moz:headless: false, moz:processID: 17892, moz:profile: C:\Users\DELL\AppData\Local..., moz:shutdownTimeout: 60000, moz:useNonSpecCompliantPointerOrigin: false, moz:webdriverClick: true, pageLoadStrategy: normal, platform: WINDOWS, platformName: WINDOWS, platformVersion: 10.0, rotatable: false, setWindowRect: true, strictFileInteractability: false, timeouts: {implicit: 0, pageLoad: 300000, script: 30000}, unhandledPromptBehavior: dismiss and notify}
Session ID: 0e4edc65-4c68-465a-b38c-81c8402adba3
	at org.openqa.selenium.remote.http.W3CHttpResponseCodec.createException(W3CHttpResponseCodec.java:187)
	at org.openqa.selenium.remote.http.W3CHttpResponseCodec.decode(W3CHttpResponseCodec.java:122)
	at org.openqa.selenium.remote.http.W3CHttpResponseCodec.decode(W3CHttpResponseCodec.java:49)
	at org.openqa.selenium.remote.HttpCommandExecutor.execute(HttpCommandExecutor.java:158)
	at org.openqa.selenium.remote.service.DriverCommandExecutor.execute(DriverCommandExecutor.java:83)
	at org.openqa.selenium.remote.RemoteWebDriver.execute(RemoteWebDriver.java:552)
	at org.openqa.selenium.remote.RemoteWebDriver.executeScript(RemoteWebDriver.java:489)
	at com.webtest.core.WebDriverEngine.runJs(Unknown Source)
	at com.webtest.ranzhicase.CashAccountTestCases.testmoney(Unknown Source)
... Removed 27 stack frames]]>
    </failure>
  </testcase> <!-- testmoney -->
  <testcase name="testmoney" time="0.038" classname="com.webtest.ranzhicase.CashAccountTestCases">
    <failure type="org.openqa.selenium.JavascriptException" message="TypeError: document.getElementById(...) is null
Build info: version: &amp;apos;3.141.59&amp;apos;, revision: &amp;apos;e82be7d358&amp;apos;, time: &amp;apos;2018-11-14T08:25:53&amp;apos;
System info: host: &amp;apos;ABC123&amp;apos;, ip: &amp;apos;192.168.137.91&amp;apos;, os.name: &amp;apos;Windows 10&amp;apos;, os.arch: &amp;apos;amd64&amp;apos;, os.version: &amp;apos;10.0&amp;apos;, java.version: &amp;apos;1.8.0_73&amp;apos;
Driver info: org.openqa.selenium.firefox.FirefoxDriver
Capabilities {acceptInsecureCerts: true, browserName: firefox, browserVersion: 65.0.2, javascriptEnabled: true, moz:accessibilityChecks: false, moz:geckodriverVersion: 0.24.0, moz:headless: false, moz:processID: 17892, moz:profile: C:\Users\DELL\AppData\Local..., moz:shutdownTimeout: 60000, moz:useNonSpecCompliantPointerOrigin: false, moz:webdriverClick: true, pageLoadStrategy: normal, platform: WINDOWS, platformName: WINDOWS, platformVersion: 10.0, rotatable: false, setWindowRect: true, strictFileInteractability: false, timeouts: {implicit: 0, pageLoad: 300000, script: 30000}, unhandledPromptBehavior: dismiss and notify}
Session ID: 0e4edc65-4c68-465a-b38c-81c8402adba3">
      <![CDATA[org.openqa.selenium.JavascriptException: TypeError: document.getElementById(...) is null
Build info: version: '3.141.59', revision: 'e82be7d358', time: '2018-11-14T08:25:53'
System info: host: 'ABC123', ip: '192.168.137.91', os.name: 'Windows 10', os.arch: 'amd64', os.version: '10.0', java.version: '1.8.0_73'
Driver info: org.openqa.selenium.firefox.FirefoxDriver
Capabilities {acceptInsecureCerts: true, browserName: firefox, browserVersion: 65.0.2, javascriptEnabled: true, moz:accessibilityChecks: false, moz:geckodriverVersion: 0.24.0, moz:headless: false, moz:processID: 17892, moz:profile: C:\Users\DELL\AppData\Local..., moz:shutdownTimeout: 60000, moz:useNonSpecCompliantPointerOrigin: false, moz:webdriverClick: true, pageLoadStrategy: normal, platform: WINDOWS, platformName: WINDOWS, platformVersion: 10.0, rotatable: false, setWindowRect: true, strictFileInteractability: false, timeouts: {implicit: 0, pageLoad: 300000, script: 30000}, unhandledPromptBehavior: dismiss and notify}
Session ID: 0e4edc65-4c68-465a-b38c-81c8402adba3
	at org.openqa.selenium.remote.http.W3CHttpResponseCodec.createException(W3CHttpResponseCodec.java:187)
	at org.openqa.selenium.remote.http.W3CHttpResponseCodec.decode(W3CHttpResponseCodec.java:122)
	at org.openqa.selenium.remote.http.W3CHttpResponseCodec.decode(W3CHttpResponseCodec.java:49)
	at org.openqa.selenium.remote.HttpCommandExecutor.execute(HttpCommandExecutor.java:158)
	at org.openqa.selenium.remote.service.DriverCommandExecutor.execute(DriverCommandExecutor.java:83)
	at org.openqa.selenium.remote.RemoteWebDriver.execute(RemoteWebDriver.java:552)
	at org.openqa.selenium.remote.RemoteWebDriver.executeScript(RemoteWebDriver.java:489)
	at com.webtest.core.WebDriverEngine.runJs(Unknown Source)
	at com.webtest.ranzhicase.CashAccountTestCases.testmoney(Unknown Source)
... Removed 26 stack frames]]>
    </failure>
  </testcase> <!-- testmoney -->
  <testcase name="testmoney" time="0.04" classname="com.webtest.ranzhicase.CashAccountTestCases">
    <failure type="org.openqa.selenium.JavascriptException" message="TypeError: document.getElementById(...) is null
Build info: version: &amp;apos;3.141.59&amp;apos;, revision: &amp;apos;e82be7d358&amp;apos;, time: &amp;apos;2018-11-14T08:25:53&amp;apos;
System info: host: &amp;apos;ABC123&amp;apos;, ip: &amp;apos;192.168.137.91&amp;apos;, os.name: &amp;apos;Windows 10&amp;apos;, os.arch: &amp;apos;amd64&amp;apos;, os.version: &amp;apos;10.0&amp;apos;, java.version: &amp;apos;1.8.0_73&amp;apos;
Driver info: org.openqa.selenium.firefox.FirefoxDriver
Capabilities {acceptInsecureCerts: true, browserName: firefox, browserVersion: 65.0.2, javascriptEnabled: true, moz:accessibilityChecks: false, moz:geckodriverVersion: 0.24.0, moz:headless: false, moz:processID: 17892, moz:profile: C:\Users\DELL\AppData\Local..., moz:shutdownTimeout: 60000, moz:useNonSpecCompliantPointerOrigin: false, moz:webdriverClick: true, pageLoadStrategy: normal, platform: WINDOWS, platformName: WINDOWS, platformVersion: 10.0, rotatable: false, setWindowRect: true, strictFileInteractability: false, timeouts: {implicit: 0, pageLoad: 300000, script: 30000}, unhandledPromptBehavior: dismiss and notify}
Session ID: 0e4edc65-4c68-465a-b38c-81c8402adba3">
      <![CDATA[org.openqa.selenium.JavascriptException: TypeError: document.getElementById(...) is null
Build info: version: '3.141.59', revision: 'e82be7d358', time: '2018-11-14T08:25:53'
System info: host: 'ABC123', ip: '192.168.137.91', os.name: 'Windows 10', os.arch: 'amd64', os.version: '10.0', java.version: '1.8.0_73'
Driver info: org.openqa.selenium.firefox.FirefoxDriver
Capabilities {acceptInsecureCerts: true, browserName: firefox, browserVersion: 65.0.2, javascriptEnabled: true, moz:accessibilityChecks: false, moz:geckodriverVersion: 0.24.0, moz:headless: false, moz:processID: 17892, moz:profile: C:\Users\DELL\AppData\Local..., moz:shutdownTimeout: 60000, moz:useNonSpecCompliantPointerOrigin: false, moz:webdriverClick: true, pageLoadStrategy: normal, platform: WINDOWS, platformName: WINDOWS, platformVersion: 10.0, rotatable: false, setWindowRect: true, strictFileInteractability: false, timeouts: {implicit: 0, pageLoad: 300000, script: 30000}, unhandledPromptBehavior: dismiss and notify}
Session ID: 0e4edc65-4c68-465a-b38c-81c8402adba3
	at org.openqa.selenium.remote.http.W3CHttpResponseCodec.createException(W3CHttpResponseCodec.java:187)
	at org.openqa.selenium.remote.http.W3CHttpResponseCodec.decode(W3CHttpResponseCodec.java:122)
	at org.openqa.selenium.remote.http.W3CHttpResponseCodec.decode(W3CHttpResponseCodec.java:49)
	at org.openqa.selenium.remote.HttpCommandExecutor.execute(HttpCommandExecutor.java:158)
	at org.openqa.selenium.remote.service.DriverCommandExecutor.execute(DriverCommandExecutor.java:83)
	at org.openqa.selenium.remote.RemoteWebDriver.execute(RemoteWebDriver.java:552)
	at org.openqa.selenium.remote.RemoteWebDriver.executeScript(RemoteWebDriver.java:489)
	at com.webtest.core.WebDriverEngine.runJs(Unknown Source)
	at com.webtest.ranzhicase.CashAccountTestCases.testmoney(Unknown Source)
... Removed 26 stack frames]]>
    </failure>
  </testcase> <!-- testmoney -->
  <testcase name="touzi" time="0.044" classname="com.webtest.ranzhicase.CashAccountTestCases">
    <failure type="org.openqa.selenium.JavascriptException" message="TypeError: document.getElementById(...) is null
Build info: version: &amp;apos;3.141.59&amp;apos;, revision: &amp;apos;e82be7d358&amp;apos;, time: &amp;apos;2018-11-14T08:25:53&amp;apos;
System info: host: &amp;apos;ABC123&amp;apos;, ip: &amp;apos;192.168.137.91&amp;apos;, os.name: &amp;apos;Windows 10&amp;apos;, os.arch: &amp;apos;amd64&amp;apos;, os.version: &amp;apos;10.0&amp;apos;, java.version: &amp;apos;1.8.0_73&amp;apos;
Driver info: org.openqa.selenium.firefox.FirefoxDriver
Capabilities {acceptInsecureCerts: true, browserName: firefox, browserVersion: 65.0.2, javascriptEnabled: true, moz:accessibilityChecks: false, moz:geckodriverVersion: 0.24.0, moz:headless: false, moz:processID: 17892, moz:profile: C:\Users\DELL\AppData\Local..., moz:shutdownTimeout: 60000, moz:useNonSpecCompliantPointerOrigin: false, moz:webdriverClick: true, pageLoadStrategy: normal, platform: WINDOWS, platformName: WINDOWS, platformVersion: 10.0, rotatable: false, setWindowRect: true, strictFileInteractability: false, timeouts: {implicit: 0, pageLoad: 300000, script: 30000}, unhandledPromptBehavior: dismiss and notify}
Session ID: 0e4edc65-4c68-465a-b38c-81c8402adba3">
      <![CDATA[org.openqa.selenium.JavascriptException: TypeError: document.getElementById(...) is null
Build info: version: '3.141.59', revision: 'e82be7d358', time: '2018-11-14T08:25:53'
System info: host: 'ABC123', ip: '192.168.137.91', os.name: 'Windows 10', os.arch: 'amd64', os.version: '10.0', java.version: '1.8.0_73'
Driver info: org.openqa.selenium.firefox.FirefoxDriver
Capabilities {acceptInsecureCerts: true, browserName: firefox, browserVersion: 65.0.2, javascriptEnabled: true, moz:accessibilityChecks: false, moz:geckodriverVersion: 0.24.0, moz:headless: false, moz:processID: 17892, moz:profile: C:\Users\DELL\AppData\Local..., moz:shutdownTimeout: 60000, moz:useNonSpecCompliantPointerOrigin: false, moz:webdriverClick: true, pageLoadStrategy: normal, platform: WINDOWS, platformName: WINDOWS, platformVersion: 10.0, rotatable: false, setWindowRect: true, strictFileInteractability: false, timeouts: {implicit: 0, pageLoad: 300000, script: 30000}, unhandledPromptBehavior: dismiss and notify}
Session ID: 0e4edc65-4c68-465a-b38c-81c8402adba3
	at org.openqa.selenium.remote.http.W3CHttpResponseCodec.createException(W3CHttpResponseCodec.java:187)
	at org.openqa.selenium.remote.http.W3CHttpResponseCodec.decode(W3CHttpResponseCodec.java:122)
	at org.openqa.selenium.remote.http.W3CHttpResponseCodec.decode(W3CHttpResponseCodec.java:49)
	at org.openqa.selenium.remote.HttpCommandExecutor.execute(HttpCommandExecutor.java:158)
	at org.openqa.selenium.remote.service.DriverCommandExecutor.execute(DriverCommandExecutor.java:83)
	at org.openqa.selenium.remote.RemoteWebDriver.execute(RemoteWebDriver.java:552)
	at org.openqa.selenium.remote.RemoteWebDriver.executeScript(RemoteWebDriver.java:489)
	at com.webtest.core.WebDriverEngine.runJs(Unknown Source)
	at com.webtest.ranzhicase.CashAccountTestCases.touzi(Unknown Source)
... Removed 26 stack frames]]>
    </failure>
  </testcase> <!-- touzi -->
  <testcase name="touzi" time="0.033" classname="com.webtest.ranzhicase.CashAccountTestCases">
    <failure type="org.openqa.selenium.JavascriptException" message="TypeError: document.getElementById(...) is null
Build info: version: &amp;apos;3.141.59&amp;apos;, revision: &amp;apos;e82be7d358&amp;apos;, time: &amp;apos;2018-11-14T08:25:53&amp;apos;
System info: host: &amp;apos;ABC123&amp;apos;, ip: &amp;apos;192.168.137.91&amp;apos;, os.name: &amp;apos;Windows 10&amp;apos;, os.arch: &amp;apos;amd64&amp;apos;, os.version: &amp;apos;10.0&amp;apos;, java.version: &amp;apos;1.8.0_73&amp;apos;
Driver info: org.openqa.selenium.firefox.FirefoxDriver
Capabilities {acceptInsecureCerts: true, browserName: firefox, browserVersion: 65.0.2, javascriptEnabled: true, moz:accessibilityChecks: false, moz:geckodriverVersion: 0.24.0, moz:headless: false, moz:processID: 17892, moz:profile: C:\Users\DELL\AppData\Local..., moz:shutdownTimeout: 60000, moz:useNonSpecCompliantPointerOrigin: false, moz:webdriverClick: true, pageLoadStrategy: normal, platform: WINDOWS, platformName: WINDOWS, platformVersion: 10.0, rotatable: false, setWindowRect: true, strictFileInteractability: false, timeouts: {implicit: 0, pageLoad: 300000, script: 30000}, unhandledPromptBehavior: dismiss and notify}
Session ID: 0e4edc65-4c68-465a-b38c-81c8402adba3">
      <![CDATA[org.openqa.selenium.JavascriptException: TypeError: document.getElementById(...) is null
Build info: version: '3.141.59', revision: 'e82be7d358', time: '2018-11-14T08:25:53'
System info: host: 'ABC123', ip: '192.168.137.91', os.name: 'Windows 10', os.arch: 'amd64', os.version: '10.0', java.version: '1.8.0_73'
Driver info: org.openqa.selenium.firefox.FirefoxDriver
Capabilities {acceptInsecureCerts: true, browserName: firefox, browserVersion: 65.0.2, javascriptEnabled: true, moz:accessibilityChecks: false, moz:geckodriverVersion: 0.24.0, moz:headless: false, moz:processID: 17892, moz:profile: C:\Users\DELL\AppData\Local..., moz:shutdownTimeout: 60000, moz:useNonSpecCompliantPointerOrigin: false, moz:webdriverClick: true, pageLoadStrategy: normal, platform: WINDOWS, platformName: WINDOWS, platformVersion: 10.0, rotatable: false, setWindowRect: true, strictFileInteractability: false, timeouts: {implicit: 0, pageLoad: 300000, script: 30000}, unhandledPromptBehavior: dismiss and notify}
Session ID: 0e4edc65-4c68-465a-b38c-81c8402adba3
	at org.openqa.selenium.remote.http.W3CHttpResponseCodec.createException(W3CHttpResponseCodec.java:187)
	at org.openqa.selenium.remote.http.W3CHttpResponseCodec.decode(W3CHttpResponseCodec.java:122)
	at org.openqa.selenium.remote.http.W3CHttpResponseCodec.decode(W3CHttpResponseCodec.java:49)
	at org.openqa.selenium.remote.HttpCommandExecutor.execute(HttpCommandExecutor.java:158)
	at org.openqa.selenium.remote.service.DriverCommandExecutor.execute(DriverCommandExecutor.java:83)
	at org.openqa.selenium.remote.RemoteWebDriver.execute(RemoteWebDriver.java:552)
	at org.openqa.selenium.remote.RemoteWebDriver.executeScript(RemoteWebDriver.java:489)
	at com.webtest.core.WebDriverEngine.runJs(Unknown Source)
	at com.webtest.ranzhicase.CashAccountTestCases.touzi(Unknown Source)
... Removed 26 stack frames]]>
    </failure>
  </testcase> <!-- touzi -->
  <testcase name="touzi" time="0.034" classname="com.webtest.ranzhicase.CashAccountTestCases">
    <failure type="org.openqa.selenium.JavascriptException" message="TypeError: document.getElementById(...) is null
Build info: version: &amp;apos;3.141.59&amp;apos;, revision: &amp;apos;e82be7d358&amp;apos;, time: &amp;apos;2018-11-14T08:25:53&amp;apos;
System info: host: &amp;apos;ABC123&amp;apos;, ip: &amp;apos;192.168.137.91&amp;apos;, os.name: &amp;apos;Windows 10&amp;apos;, os.arch: &amp;apos;amd64&amp;apos;, os.version: &amp;apos;10.0&amp;apos;, java.version: &amp;apos;1.8.0_73&amp;apos;
Driver info: org.openqa.selenium.firefox.FirefoxDriver
Capabilities {acceptInsecureCerts: true, browserName: firefox, browserVersion: 65.0.2, javascriptEnabled: true, moz:accessibilityChecks: false, moz:geckodriverVersion: 0.24.0, moz:headless: false, moz:processID: 17892, moz:profile: C:\Users\DELL\AppData\Local..., moz:shutdownTimeout: 60000, moz:useNonSpecCompliantPointerOrigin: false, moz:webdriverClick: true, pageLoadStrategy: normal, platform: WINDOWS, platformName: WINDOWS, platformVersion: 10.0, rotatable: false, setWindowRect: true, strictFileInteractability: false, timeouts: {implicit: 0, pageLoad: 300000, script: 30000}, unhandledPromptBehavior: dismiss and notify}
Session ID: 0e4edc65-4c68-465a-b38c-81c8402adba3">
      <![CDATA[org.openqa.selenium.JavascriptException: TypeError: document.getElementById(...) is null
Build info: version: '3.141.59', revision: 'e82be7d358', time: '2018-11-14T08:25:53'
System info: host: 'ABC123', ip: '192.168.137.91', os.name: 'Windows 10', os.arch: 'amd64', os.version: '10.0', java.version: '1.8.0_73'
Driver info: org.openqa.selenium.firefox.FirefoxDriver
Capabilities {acceptInsecureCerts: true, browserName: firefox, browserVersion: 65.0.2, javascriptEnabled: true, moz:accessibilityChecks: false, moz:geckodriverVersion: 0.24.0, moz:headless: false, moz:processID: 17892, moz:profile: C:\Users\DELL\AppData\Local..., moz:shutdownTimeout: 60000, moz:useNonSpecCompliantPointerOrigin: false, moz:webdriverClick: true, pageLoadStrategy: normal, platform: WINDOWS, platformName: WINDOWS, platformVersion: 10.0, rotatable: false, setWindowRect: true, strictFileInteractability: false, timeouts: {implicit: 0, pageLoad: 300000, script: 30000}, unhandledPromptBehavior: dismiss and notify}
Session ID: 0e4edc65-4c68-465a-b38c-81c8402adba3
	at org.openqa.selenium.remote.http.W3CHttpResponseCodec.createException(W3CHttpResponseCodec.java:187)
	at org.openqa.selenium.remote.http.W3CHttpResponseCodec.decode(W3CHttpResponseCodec.java:122)
	at org.openqa.selenium.remote.http.W3CHttpResponseCodec.decode(W3CHttpResponseCodec.java:49)
	at org.openqa.selenium.remote.HttpCommandExecutor.execute(HttpCommandExecutor.java:158)
	at org.openqa.selenium.remote.service.DriverCommandExecutor.execute(DriverCommandExecutor.java:83)
	at org.openqa.selenium.remote.RemoteWebDriver.execute(RemoteWebDriver.java:552)
	at org.openqa.selenium.remote.RemoteWebDriver.executeScript(RemoteWebDriver.java:489)
	at com.webtest.core.WebDriverEngine.runJs(Unknown Source)
	at com.webtest.ranzhicase.CashAccountTestCases.touzi(Unknown Source)
... Removed 26 stack frames]]>
    </failure>
  </testcase> <!-- touzi -->
  <testcase name="touzi" time="0.032" classname="com.webtest.ranzhicase.CashAccountTestCases">
    <failure type="org.openqa.selenium.JavascriptException" message="TypeError: document.getElementById(...) is null
Build info: version: &amp;apos;3.141.59&amp;apos;, revision: &amp;apos;e82be7d358&amp;apos;, time: &amp;apos;2018-11-14T08:25:53&amp;apos;
System info: host: &amp;apos;ABC123&amp;apos;, ip: &amp;apos;192.168.137.91&amp;apos;, os.name: &amp;apos;Windows 10&amp;apos;, os.arch: &amp;apos;amd64&amp;apos;, os.version: &amp;apos;10.0&amp;apos;, java.version: &amp;apos;1.8.0_73&amp;apos;
Driver info: org.openqa.selenium.firefox.FirefoxDriver
Capabilities {acceptInsecureCerts: true, browserName: firefox, browserVersion: 65.0.2, javascriptEnabled: true, moz:accessibilityChecks: false, moz:geckodriverVersion: 0.24.0, moz:headless: false, moz:processID: 17892, moz:profile: C:\Users\DELL\AppData\Local..., moz:shutdownTimeout: 60000, moz:useNonSpecCompliantPointerOrigin: false, moz:webdriverClick: true, pageLoadStrategy: normal, platform: WINDOWS, platformName: WINDOWS, platformVersion: 10.0, rotatable: false, setWindowRect: true, strictFileInteractability: false, timeouts: {implicit: 0, pageLoad: 300000, script: 30000}, unhandledPromptBehavior: dismiss and notify}
Session ID: 0e4edc65-4c68-465a-b38c-81c8402adba3">
      <![CDATA[org.openqa.selenium.JavascriptException: TypeError: document.getElementById(...) is null
Build info: version: '3.141.59', revision: 'e82be7d358', time: '2018-11-14T08:25:53'
System info: host: 'ABC123', ip: '192.168.137.91', os.name: 'Windows 10', os.arch: 'amd64', os.version: '10.0', java.version: '1.8.0_73'
Driver info: org.openqa.selenium.firefox.FirefoxDriver
Capabilities {acceptInsecureCerts: true, browserName: firefox, browserVersion: 65.0.2, javascriptEnabled: true, moz:accessibilityChecks: false, moz:geckodriverVersion: 0.24.0, moz:headless: false, moz:processID: 17892, moz:profile: C:\Users\DELL\AppData\Local..., moz:shutdownTimeout: 60000, moz:useNonSpecCompliantPointerOrigin: false, moz:webdriverClick: true, pageLoadStrategy: normal, platform: WINDOWS, platformName: WINDOWS, platformVersion: 10.0, rotatable: false, setWindowRect: true, strictFileInteractability: false, timeouts: {implicit: 0, pageLoad: 300000, script: 30000}, unhandledPromptBehavior: dismiss and notify}
Session ID: 0e4edc65-4c68-465a-b38c-81c8402adba3
	at org.openqa.selenium.remote.http.W3CHttpResponseCodec.createException(W3CHttpResponseCodec.java:187)
	at org.openqa.selenium.remote.http.W3CHttpResponseCodec.decode(W3CHttpResponseCodec.java:122)
	at org.openqa.selenium.remote.http.W3CHttpResponseCodec.decode(W3CHttpResponseCodec.java:49)
	at org.openqa.selenium.remote.HttpCommandExecutor.execute(HttpCommandExecutor.java:158)
	at org.openqa.selenium.remote.service.DriverCommandExecutor.execute(DriverCommandExecutor.java:83)
	at org.openqa.selenium.remote.RemoteWebDriver.execute(RemoteWebDriver.java:552)
	at org.openqa.selenium.remote.RemoteWebDriver.executeScript(RemoteWebDriver.java:489)
	at com.webtest.core.WebDriverEngine.runJs(Unknown Source)
	at com.webtest.ranzhicase.CashAccountTestCases.touzi(Unknown Source)
... Removed 26 stack frames]]>
    </failure>
  </testcase> <!-- touzi -->
  <testcase name="touzi" time="0.032" classname="com.webtest.ranzhicase.CashAccountTestCases">
    <failure type="org.openqa.selenium.JavascriptException" message="TypeError: document.getElementById(...) is null
Build info: version: &amp;apos;3.141.59&amp;apos;, revision: &amp;apos;e82be7d358&amp;apos;, time: &amp;apos;2018-11-14T08:25:53&amp;apos;
System info: host: &amp;apos;ABC123&amp;apos;, ip: &amp;apos;192.168.137.91&amp;apos;, os.name: &amp;apos;Windows 10&amp;apos;, os.arch: &amp;apos;amd64&amp;apos;, os.version: &amp;apos;10.0&amp;apos;, java.version: &amp;apos;1.8.0_73&amp;apos;
Driver info: org.openqa.selenium.firefox.FirefoxDriver
Capabilities {acceptInsecureCerts: true, browserName: firefox, browserVersion: 65.0.2, javascriptEnabled: true, moz:accessibilityChecks: false, moz:geckodriverVersion: 0.24.0, moz:headless: false, moz:processID: 17892, moz:profile: C:\Users\DELL\AppData\Local..., moz:shutdownTimeout: 60000, moz:useNonSpecCompliantPointerOrigin: false, moz:webdriverClick: true, pageLoadStrategy: normal, platform: WINDOWS, platformName: WINDOWS, platformVersion: 10.0, rotatable: false, setWindowRect: true, strictFileInteractability: false, timeouts: {implicit: 0, pageLoad: 300000, script: 30000}, unhandledPromptBehavior: dismiss and notify}
Session ID: 0e4edc65-4c68-465a-b38c-81c8402adba3">
      <![CDATA[org.openqa.selenium.JavascriptException: TypeError: document.getElementById(...) is null
Build info: version: '3.141.59', revision: 'e82be7d358', time: '2018-11-14T08:25:53'
System info: host: 'ABC123', ip: '192.168.137.91', os.name: 'Windows 10', os.arch: 'amd64', os.version: '10.0', java.version: '1.8.0_73'
Driver info: org.openqa.selenium.firefox.FirefoxDriver
Capabilities {acceptInsecureCerts: true, browserName: firefox, browserVersion: 65.0.2, javascriptEnabled: true, moz:accessibilityChecks: false, moz:geckodriverVersion: 0.24.0, moz:headless: false, moz:processID: 17892, moz:profile: C:\Users\DELL\AppData\Local..., moz:shutdownTimeout: 60000, moz:useNonSpecCompliantPointerOrigin: false, moz:webdriverClick: true, pageLoadStrategy: normal, platform: WINDOWS, platformName: WINDOWS, platformVersion: 10.0, rotatable: false, setWindowRect: true, strictFileInteractability: false, timeouts: {implicit: 0, pageLoad: 300000, script: 30000}, unhandledPromptBehavior: dismiss and notify}
Session ID: 0e4edc65-4c68-465a-b38c-81c8402adba3
	at org.openqa.selenium.remote.http.W3CHttpResponseCodec.createException(W3CHttpResponseCodec.java:187)
	at org.openqa.selenium.remote.http.W3CHttpResponseCodec.decode(W3CHttpResponseCodec.java:122)
	at org.openqa.selenium.remote.http.W3CHttpResponseCodec.decode(W3CHttpResponseCodec.java:49)
	at org.openqa.selenium.remote.HttpCommandExecutor.execute(HttpCommandExecutor.java:158)
	at org.openqa.selenium.remote.service.DriverCommandExecutor.execute(DriverCommandExecutor.java:83)
	at org.openqa.selenium.remote.RemoteWebDriver.execute(RemoteWebDriver.java:552)
	at org.openqa.selenium.remote.RemoteWebDriver.executeScript(RemoteWebDriver.java:489)
	at com.webtest.core.WebDriverEngine.runJs(Unknown Source)
	at com.webtest.ranzhicase.CashAccountTestCases.touzi(Unknown Source)
... Removed 26 stack frames]]>
    </failure>
  </testcase> <!-- touzi -->
  <testcase name="LoginFail" time="1.658" classname="com.webtest.ranzhicase.CustomerManageTestCases">
    <failure type="java.lang.AssertionError" message="expected [true] but found [false]">
      <![CDATA[java.lang.AssertionError: expected [true] but found [false]
	at com.webtest.ranzhicase.CustomerManageTestCases.LoginFail(Unknown Source)
... Removed 27 stack frames]]>
    </failure>
  </testcase> <!-- LoginFail -->
  <testcase name="LoginSuccess" time="1.148" classname="com.webtest.ranzhicase.CustomerManageTestCases">
    <failure type="java.lang.AssertionError" message="expected [true] but found [false]">
      <![CDATA[java.lang.AssertionError: expected [true] but found [false]
	at com.webtest.ranzhicase.CustomerManageTestCases.LoginSuccess(Unknown Source)
... Removed 27 stack frames]]>
    </failure>
  </testcase> <!-- LoginSuccess -->
  <testcase name="test01" time="1.514" classname="com.webtest.ranzhicase.CustomerManageTestCases">
    <failure type="java.lang.AssertionError" message="expected [true] but found [false]">
      <![CDATA[java.lang.AssertionError: expected [true] but found [false]
	at com.webtest.ranzhicase.CustomerManageTestCases.LoginSuccess(Unknown Source)
	at com.webtest.ranzhicase.CustomerManageTestCases.test01(Unknown Source)
... Removed 27 stack frames]]>
    </failure>
  </testcase> <!-- test01 -->
  <testcase name="test02" time="2.168" classname="com.webtest.ranzhicase.CustomerManageTestCases">
    <failure type="java.lang.AssertionError" message="expected [true] but found [false]">
      <![CDATA[java.lang.AssertionError: expected [true] but found [false]
	at com.webtest.ranzhicase.CustomerManageTestCases.LoginSuccess(Unknown Source)
	at com.webtest.ranzhicase.CustomerManageTestCases.test01(Unknown Source)
	at com.webtest.ranzhicase.CustomerManageTestCases.test02(Unknown Source)
... Removed 27 stack frames]]>
    </failure>
  </testcase> <!-- test02 -->
  <testcase name="test03" time="2.043" classname="com.webtest.ranzhicase.CustomerManageTestCases"/>
  <testcase name="test04" time="2.656" classname="com.webtest.ranzhicase.CustomerManageTestCases">
    <failure type="java.lang.AssertionError" message="expected [true] but found [false]">
      <![CDATA[java.lang.AssertionError: expected [true] but found [false]
	at com.webtest.ranzhicase.CustomerManageTestCases.LoginSuccess(Unknown Source)
	at com.webtest.ranzhicase.CustomerManageTestCases.test01(Unknown Source)
	at com.webtest.ranzhicase.CustomerManageTestCases.test02(Unknown Source)
	at com.webtest.ranzhicase.CustomerManageTestCases.test04(Unknown Source)
... Removed 27 stack frames]]>
    </failure>
  </testcase> <!-- test04 -->
  <testcase name="test05" time="1.266" classname="com.webtest.ranzhicase.CustomerManageTestCases">
    <failure type="java.lang.AssertionError" message="expected [true] but found [false]">
      <![CDATA[java.lang.AssertionError: expected [true] but found [false]
	at com.webtest.ranzhicase.CustomerManageTestCases.LoginSuccess(Unknown Source)
	at com.webtest.ranzhicase.CustomerManageTestCases.test01(Unknown Source)
	at com.webtest.ranzhicase.CustomerManageTestCases.test05(Unknown Source)
... Removed 27 stack frames]]>
    </failure>
  </testcase> <!-- test05 -->
  <testcase name="test06" time="0.105" classname="com.webtest.ranzhicase.CustomerManageTestCases"/>
  <testcase name="test07" time="1.411" classname="com.webtest.ranzhicase.CustomerManageTestCases">
    <failure type="java.lang.AssertionError" message="expected [true] but found [false]">
      <![CDATA[java.lang.AssertionError: expected [true] but found [false]
	at com.webtest.ranzhicase.CustomerManageTestCases.LoginSuccess(Unknown Source)
	at com.webtest.ranzhicase.CustomerManageTestCases.test01(Unknown Source)
	at com.webtest.ranzhicase.CustomerManageTestCases.test05(Unknown Source)
	at com.webtest.ranzhicase.CustomerManageTestCases.test07(Unknown Source)
... Removed 27 stack frames]]>
    </failure>
  </testcase> <!-- test07 -->
  <testcase name="test08" time="1.247" classname="com.webtest.ranzhicase.CustomerManageTestCases">
    <failure type="java.lang.AssertionError" message="expected [true] but found [false]">
      <![CDATA[java.lang.AssertionError: expected [true] but found [false]
	at com.webtest.ranzhicase.CustomerManageTestCases.LoginSuccess(Unknown Source)
	at com.webtest.ranzhicase.CustomerManageTestCases.test01(Unknown Source)
	at com.webtest.ranzhicase.CustomerManageTestCases.test08(Unknown Source)
... Removed 27 stack frames]]>
    </failure>
  </testcase> <!-- test08 -->
  <testcase name="test09" time="2.832" classname="com.webtest.ranzhicase.CustomerManageTestCases"/>
  <testcase name="test10" time="3.058" classname="com.webtest.ranzhicase.CustomerManageTestCases">
    <failure type="java.lang.AssertionError" message="expected [true] but found [false]">
      <![CDATA[java.lang.AssertionError: expected [true] but found [false]
	at com.webtest.ranzhicase.CustomerManageTestCases.LoginSuccess(Unknown Source)
	at com.webtest.ranzhicase.CustomerManageTestCases.test01(Unknown Source)
	at com.webtest.ranzhicase.CustomerManageTestCases.test10(Unknown Source)
... Removed 27 stack frames]]>
    </failure>
  </testcase> <!-- test10 -->
  <testcase name="test11" time="1.163" classname="com.webtest.ranzhicase.CustomerManageTestCases">
    <failure type="java.lang.AssertionError" message="expected [true] but found [false]">
      <![CDATA[java.lang.AssertionError: expected [true] but found [false]
	at com.webtest.ranzhicase.CustomerManageTestCases.LoginSuccess(Unknown Source)
	at com.webtest.ranzhicase.CustomerManageTestCases.test01(Unknown Source)
	at com.webtest.ranzhicase.CustomerManageTestCases.test11(Unknown Source)
... Removed 27 stack frames]]>
    </failure>
  </testcase> <!-- test11 -->
  <testcase name="test12" time="1.41" classname="com.webtest.ranzhicase.CustomerManageTestCases">
    <failure type="java.lang.AssertionError" message="expected [true] but found [false]">
      <![CDATA[java.lang.AssertionError: expected [true] but found [false]
	at com.webtest.ranzhicase.CustomerManageTestCases.LoginSuccess(Unknown Source)
	at com.webtest.ranzhicase.CustomerManageTestCases.test01(Unknown Source)
	at com.webtest.ranzhicase.CustomerManageTestCases.test11(Unknown Source)
	at com.webtest.ranzhicase.CustomerManageTestCases.test12(Unknown Source)
... Removed 27 stack frames]]>
    </failure>
  </testcase> <!-- test12 -->
  <testcase name="test13" time="1.119" classname="com.webtest.ranzhicase.CustomerManageTestCases">
    <failure type="java.lang.AssertionError" message="expected [true] but found [false]">
      <![CDATA[java.lang.AssertionError: expected [true] but found [false]
	at com.webtest.ranzhicase.CustomerManageTestCases.LoginSuccess(Unknown Source)
	at com.webtest.ranzhicase.CustomerManageTestCases.test01(Unknown Source)
	at com.webtest.ranzhicase.CustomerManageTestCases.test11(Unknown Source)
	at com.webtest.ranzhicase.CustomerManageTestCases.test13(Unknown Source)
... Removed 27 stack frames]]>
    </failure>
  </testcase> <!-- test13 -->
  <testcase name="test14" time="1.415" classname="com.webtest.ranzhicase.CustomerManageTestCases">
    <failure type="java.lang.AssertionError" message="expected [true] but found [false]">
      <![CDATA[java.lang.AssertionError: expected [true] but found [false]
	at com.webtest.ranzhicase.CustomerManageTestCases.LoginSuccess(Unknown Source)
	at com.webtest.ranzhicase.CustomerManageTestCases.test01(Unknown Source)
	at com.webtest.ranzhicase.CustomerManageTestCases.test14(Unknown Source)
... Removed 27 stack frames]]>
    </failure>
  </testcase> <!-- test14 -->
  <testcase name="test15" time="0.106" classname="com.webtest.ranzhicase.CustomerManageTestCases"/>
  <testcase name="test16" time="1.146" classname="com.webtest.ranzhicase.CustomerManageTestCases">
    <failure type="java.lang.AssertionError" message="expected [true] but found [false]">
      <![CDATA[java.lang.AssertionError: expected [true] but found [false]
	at com.webtest.ranzhicase.CustomerManageTestCases.LoginSuccess(Unknown Source)
	at com.webtest.ranzhicase.CustomerManageTestCases.test01(Unknown Source)
	at com.webtest.ranzhicase.CustomerManageTestCases.test14(Unknown Source)
	at com.webtest.ranzhicase.CustomerManageTestCases.test16(Unknown Source)
... Removed 27 stack frames]]>
    </failure>
  </testcase> <!-- test16 -->
  <testcase name="test17" time="1.449" classname="com.webtest.ranzhicase.CustomerManageTestCases">
    <failure type="java.lang.AssertionError" message="expected [true] but found [false]">
      <![CDATA[java.lang.AssertionError: expected [true] but found [false]
	at com.webtest.ranzhicase.CustomerManageTestCases.LoginSuccess(Unknown Source)
	at com.webtest.ranzhicase.CustomerManageTestCases.test01(Unknown Source)
	at com.webtest.ranzhicase.CustomerManageTestCases.test17(Unknown Source)
... Removed 27 stack frames]]>
    </failure>
  </testcase> <!-- test17 -->
  <testcase name="test18" time="0.068" classname="com.webtest.ranzhicase.CustomerManageTestCases"/>
  <testcase name="test19" time="1.157" classname="com.webtest.ranzhicase.CustomerManageTestCases">
    <failure type="java.lang.AssertionError" message="expected [true] but found [false]">
      <![CDATA[java.lang.AssertionError: expected [true] but found [false]
	at com.webtest.ranzhicase.CustomerManageTestCases.LoginSuccess(Unknown Source)
	at com.webtest.ranzhicase.CustomerManageTestCases.test01(Unknown Source)
	at com.webtest.ranzhicase.CustomerManageTestCases.test19(Unknown Source)
... Removed 27 stack frames]]>
    </failure>
  </testcase> <!-- test19 -->
  <testcase name="test20" time="0.025" classname="com.webtest.ranzhicase.CustomerManageTestCases"/>
  <testcase name="test21" time="1.424" classname="com.webtest.ranzhicase.CustomerManageTestCases">
    <failure type="java.lang.AssertionError" message="expected [true] but found [false]">
      <![CDATA[java.lang.AssertionError: expected [true] but found [false]
	at com.webtest.ranzhicase.CustomerManageTestCases.LoginSuccess(Unknown Source)
	at com.webtest.ranzhicase.CustomerManageTestCases.test21(Unknown Source)
... Removed 27 stack frames]]>
    </failure>
  </testcase> <!-- test21 -->
  <testcase name="test22" time="1.138" classname="com.webtest.ranzhicase.CustomerManageTestCases">
    <failure type="java.lang.AssertionError" message="expected [true] but found [false]">
      <![CDATA[java.lang.AssertionError: expected [true] but found [false]
	at com.webtest.ranzhicase.CustomerManageTestCases.LoginSuccess(Unknown Source)
	at com.webtest.ranzhicase.CustomerManageTestCases.test21(Unknown Source)
	at com.webtest.ranzhicase.CustomerManageTestCases.test22(Unknown Source)
... Removed 27 stack frames]]>
    </failure>
  </testcase> <!-- test22 -->
  <testcase name="test23" time="1.362" classname="com.webtest.ranzhicase.CustomerManageTestCases">
    <failure type="java.lang.AssertionError" message="expected [true] but found [false]">
      <![CDATA[java.lang.AssertionError: expected [true] but found [false]
	at com.webtest.ranzhicase.CustomerManageTestCases.LoginSuccess(Unknown Source)
	at com.webtest.ranzhicase.CustomerManageTestCases.test21(Unknown Source)
	at com.webtest.ranzhicase.CustomerManageTestCases.test23(Unknown Source)
... Removed 27 stack frames]]>
    </failure>
  </testcase> <!-- test23 -->
  <testcase name="test24" time="1.144" classname="com.webtest.ranzhicase.CustomerManageTestCases">
    <failure type="java.lang.AssertionError" message="expected [true] but found [false]">
      <![CDATA[java.lang.AssertionError: expected [true] but found [false]
	at com.webtest.ranzhicase.CustomerManageTestCases.LoginSuccess(Unknown Source)
	at com.webtest.ranzhicase.CustomerManageTestCases.test21(Unknown Source)
	at com.webtest.ranzhicase.CustomerManageTestCases.test24(Unknown Source)
... Removed 27 stack frames]]>
    </failure>
  </testcase> <!-- test24 -->
  <testcase name="test25" time="1.384" classname="com.webtest.ranzhicase.CustomerManageTestCases">
    <failure type="java.lang.AssertionError" message="expected [true] but found [false]">
      <![CDATA[java.lang.AssertionError: expected [true] but found [false]
	at com.webtest.ranzhicase.CustomerManageTestCases.LoginSuccess(Unknown Source)
	at com.webtest.ranzhicase.CustomerManageTestCases.test21(Unknown Source)
	at com.webtest.ranzhicase.CustomerManageTestCases.test25(Unknown Source)
... Removed 27 stack frames]]>
    </failure>
  </testcase> <!-- test25 -->
  <testcase name="test26" time="1.107" classname="com.webtest.ranzhicase.CustomerManageTestCases">
    <failure type="java.lang.AssertionError" message="expected [true] but found [false]">
      <![CDATA[java.lang.AssertionError: expected [true] but found [false]
	at com.webtest.ranzhicase.CustomerManageTestCases.LoginSuccess(Unknown Source)
	at com.webtest.ranzhicase.CustomerManageTestCases.test21(Unknown Source)
	at com.webtest.ranzhicase.CustomerManageTestCases.test26(Unknown Source)
... Removed 27 stack frames]]>
    </failure>
  </testcase> <!-- test26 -->
  <testcase name="test27" time="1.413" classname="com.webtest.ranzhicase.CustomerManageTestCases">
    <failure type="java.lang.AssertionError" message="expected [true] but found [false]">
      <![CDATA[java.lang.AssertionError: expected [true] but found [false]
	at com.webtest.ranzhicase.CustomerManageTestCases.LoginSuccess(Unknown Source)
	at com.webtest.ranzhicase.CustomerManageTestCases.test21(Unknown Source)
	at com.webtest.ranzhicase.CustomerManageTestCases.test27(Unknown Source)
... Removed 27 stack frames]]>
    </failure>
  </testcase> <!-- test27 -->
  <testcase name="test28" time="1.2" classname="com.webtest.ranzhicase.CustomerManageTestCases">
    <failure type="java.lang.AssertionError" message="expected [true] but found [false]">
      <![CDATA[java.lang.AssertionError: expected [true] but found [false]
	at com.webtest.ranzhicase.CustomerManageTestCases.LoginSuccess(Unknown Source)
	at com.webtest.ranzhicase.CustomerManageTestCases.test21(Unknown Source)
	at com.webtest.ranzhicase.CustomerManageTestCases.test27(Unknown Source)
	at com.webtest.ranzhicase.CustomerManageTestCases.test28(Unknown Source)
... Removed 27 stack frames]]>
    </failure>
  </testcase> <!-- test28 -->
  <testcase name="test29" time="1.393" classname="com.webtest.ranzhicase.CustomerManageTestCases">
    <failure type="java.lang.AssertionError" message="expected [true] but found [false]">
      <![CDATA[java.lang.AssertionError: expected [true] but found [false]
	at com.webtest.ranzhicase.CustomerManageTestCases.LoginSuccess(Unknown Source)
	at com.webtest.ranzhicase.CustomerManageTestCases.test21(Unknown Source)
	at com.webtest.ranzhicase.CustomerManageTestCases.test29(Unknown Source)
... Removed 27 stack frames]]>
    </failure>
  </testcase> <!-- test29 -->
  <testcase name="test30" time="1.16" classname="com.webtest.ranzhicase.CustomerManageTestCases">
    <failure type="java.lang.AssertionError" message="expected [true] but found [false]">
      <![CDATA[java.lang.AssertionError: expected [true] but found [false]
	at com.webtest.ranzhicase.CustomerManageTestCases.LoginSuccess(Unknown Source)
	at com.webtest.ranzhicase.CustomerManageTestCases.test21(Unknown Source)
	at com.webtest.ranzhicase.CustomerManageTestCases.test30(Unknown Source)
... Removed 27 stack frames]]>
    </failure>
  </testcase> <!-- test30 -->
  <testcase name="test31" time="1.371" classname="com.webtest.ranzhicase.CustomerManageTestCases">
    <failure type="java.lang.AssertionError" message="expected [true] but found [false]">
      <![CDATA[java.lang.AssertionError: expected [true] but found [false]
	at com.webtest.ranzhicase.CustomerManageTestCases.LoginSuccess(Unknown Source)
	at com.webtest.ranzhicase.CustomerManageTestCases.test31(Unknown Source)
... Removed 27 stack frames]]>
    </failure>
  </testcase> <!-- test31 -->
  <testcase name="test32" time="1.169" classname="com.webtest.ranzhicase.CustomerManageTestCases">
    <failure type="java.lang.AssertionError" message="expected [true] but found [false]">
      <![CDATA[java.lang.AssertionError: expected [true] but found [false]
	at com.webtest.ranzhicase.CustomerManageTestCases.LoginSuccess(Unknown Source)
	at com.webtest.ranzhicase.CustomerManageTestCases.test31(Unknown Source)
	at com.webtest.ranzhicase.CustomerManageTestCases.test32(Unknown Source)
... Removed 27 stack frames]]>
    </failure>
  </testcase> <!-- test32 -->
  <testcase name="test33" time="1.065" classname="com.webtest.ranzhicase.CustomerManageTestCases"/>
  <testcase name="test34" time="1.421" classname="com.webtest.ranzhicase.CustomerManageTestCases">
    <failure type="java.lang.AssertionError" message="expected [true] but found [false]">
      <![CDATA[java.lang.AssertionError: expected [true] but found [false]
	at com.webtest.ranzhicase.CustomerManageTestCases.LoginSuccess(Unknown Source)
	at com.webtest.ranzhicase.CustomerManageTestCases.test31(Unknown Source)
	at com.webtest.ranzhicase.CustomerManageTestCases.test34(Unknown Source)
... Removed 27 stack frames]]>
    </failure>
  </testcase> <!-- test34 -->
  <testcase name="test35" time="1.193" classname="com.webtest.ranzhicase.CustomerManageTestCases">
    <failure type="java.lang.AssertionError" message="expected [true] but found [false]">
      <![CDATA[java.lang.AssertionError: expected [true] but found [false]
	at com.webtest.ranzhicase.CustomerManageTestCases.LoginSuccess(Unknown Source)
	at com.webtest.ranzhicase.CustomerManageTestCases.test35(Unknown Source)
... Removed 27 stack frames]]>
    </failure>
  </testcase> <!-- test35 -->
  <testcase name="test36" time="1.4" classname="com.webtest.ranzhicase.CustomerManageTestCases">
    <failure type="java.lang.AssertionError" message="expected [true] but found [false]">
      <![CDATA[java.lang.AssertionError: expected [true] but found [false]
	at com.webtest.ranzhicase.CustomerManageTestCases.LoginSuccess(Unknown Source)
	at com.webtest.ranzhicase.CustomerManageTestCases.test35(Unknown Source)
	at com.webtest.ranzhicase.CustomerManageTestCases.test36(Unknown Source)
... Removed 27 stack frames]]>
    </failure>
  </testcase> <!-- test36 -->
  <testcase name="test37" time="1.155" classname="com.webtest.ranzhicase.CustomerManageTestCases">
    <failure type="java.lang.AssertionError" message="expected [true] but found [false]">
      <![CDATA[java.lang.AssertionError: expected [true] but found [false]
	at com.webtest.ranzhicase.CustomerManageTestCases.LoginSuccess(Unknown Source)
	at com.webtest.ranzhicase.CustomerManageTestCases.test35(Unknown Source)
	at com.webtest.ranzhicase.CustomerManageTestCases.test37(Unknown Source)
... Removed 27 stack frames]]>
    </failure>
  </testcase> <!-- test37 -->
  <testcase name="test38" time="1.392" classname="com.webtest.ranzhicase.CustomerManageTestCases">
    <failure type="java.lang.AssertionError" message="expected [true] but found [false]">
      <![CDATA[java.lang.AssertionError: expected [true] but found [false]
	at com.webtest.ranzhicase.CustomerManageTestCases.LoginSuccess(Unknown Source)
	at com.webtest.ranzhicase.CustomerManageTestCases.test38(Unknown Source)
... Removed 27 stack frames]]>
    </failure>
  </testcase> <!-- test38 -->
  <testcase name="test39" time="1.179" classname="com.webtest.ranzhicase.CustomerManageTestCases">
    <failure type="java.lang.AssertionError" message="expected [true] but found [false]">
      <![CDATA[java.lang.AssertionError: expected [true] but found [false]
	at com.webtest.ranzhicase.CustomerManageTestCases.LoginSuccess(Unknown Source)
	at com.webtest.ranzhicase.CustomerManageTestCases.test38(Unknown Source)
	at com.webtest.ranzhicase.CustomerManageTestCases.test39(Unknown Source)
... Removed 27 stack frames]]>
    </failure>
  </testcase> <!-- test39 -->
  <testcase name="test40" time="1.446" classname="com.webtest.ranzhicase.CustomerManageTestCases">
    <failure type="java.lang.AssertionError" message="expected [true] but found [false]">
      <![CDATA[java.lang.AssertionError: expected [true] but found [false]
	at com.webtest.ranzhicase.CustomerManageTestCases.LoginSuccess(Unknown Source)
	at com.webtest.ranzhicase.CustomerManageTestCases.test38(Unknown Source)
	at com.webtest.ranzhicase.CustomerManageTestCases.test40(Unknown Source)
... Removed 27 stack frames]]>
    </failure>
  </testcase> <!-- test40 -->
  <testcase name="test41" time="1.135" classname="com.webtest.ranzhicase.CustomerManageTestCases">
    <failure type="java.lang.AssertionError" message="expected [true] but found [false]">
      <![CDATA[java.lang.AssertionError: expected [true] but found [false]
	at com.webtest.ranzhicase.CustomerManageTestCases.LoginSuccess(Unknown Source)
	at com.webtest.ranzhicase.CustomerManageTestCases.test41(Unknown Source)
... Removed 27 stack frames]]>
    </failure>
  </testcase> <!-- test41 -->
  <testcase name="test42" time="1.415" classname="com.webtest.ranzhicase.CustomerManageTestCases">
    <failure type="java.lang.AssertionError" message="expected [true] but found [false]">
      <![CDATA[java.lang.AssertionError: expected [true] but found [false]
	at com.webtest.ranzhicase.CustomerManageTestCases.LoginSuccess(Unknown Source)
	at com.webtest.ranzhicase.CustomerManageTestCases.test41(Unknown Source)
	at com.webtest.ranzhicase.CustomerManageTestCases.test42(Unknown Source)
... Removed 27 stack frames]]>
    </failure>
  </testcase> <!-- test42 -->
  <testcase name="test43" time="1.098" classname="com.webtest.ranzhicase.CustomerManageTestCases">
    <failure type="java.lang.AssertionError" message="expected [true] but found [false]">
      <![CDATA[java.lang.AssertionError: expected [true] but found [false]
	at com.webtest.ranzhicase.CustomerManageTestCases.LoginSuccess(Unknown Source)
	at com.webtest.ranzhicase.CustomerManageTestCases.test43(Unknown Source)
... Removed 27 stack frames]]>
    </failure>
  </testcase> <!-- test43 -->
  <testcase name="test44" time="1.405" classname="com.webtest.ranzhicase.CustomerManageTestCases">
    <failure type="java.lang.AssertionError" message="expected [true] but found [false]">
      <![CDATA[java.lang.AssertionError: expected [true] but found [false]
	at com.webtest.ranzhicase.CustomerManageTestCases.LoginSuccess(Unknown Source)
	at com.webtest.ranzhicase.CustomerManageTestCases.test43(Unknown Source)
	at com.webtest.ranzhicase.CustomerManageTestCases.test44(Unknown Source)
... Removed 27 stack frames]]>
    </failure>
  </testcase> <!-- test44 -->
  <testcase name="test45" time="1.148" classname="com.webtest.ranzhicase.CustomerManageTestCases">
    <failure type="java.lang.AssertionError" message="expected [true] but found [false]">
      <![CDATA[java.lang.AssertionError: expected [true] but found [false]
	at com.webtest.ranzhicase.CustomerManageTestCases.LoginSuccess(Unknown Source)
	at com.webtest.ranzhicase.CustomerManageTestCases.test45(Unknown Source)
... Removed 27 stack frames]]>
    </failure>
  </testcase> <!-- test45 -->
  <testcase name="test46" time="1.403" classname="com.webtest.ranzhicase.CustomerManageTestCases">
    <failure type="java.lang.AssertionError" message="expected [true] but found [false]">
      <![CDATA[java.lang.AssertionError: expected [true] but found [false]
	at com.webtest.ranzhicase.CustomerManageTestCases.LoginSuccess(Unknown Source)
	at com.webtest.ranzhicase.CustomerManageTestCases.test45(Unknown Source)
	at com.webtest.ranzhicase.CustomerManageTestCases.test46(Unknown Source)
... Removed 27 stack frames]]>
    </failure>
  </testcase> <!-- test46 -->
  <testcase name="test47" time="1.179" classname="com.webtest.ranzhicase.CustomerManageTestCases">
    <failure type="java.lang.AssertionError" message="expected [true] but found [false]">
      <![CDATA[java.lang.AssertionError: expected [true] but found [false]
	at com.webtest.ranzhicase.CustomerManageTestCases.LoginSuccess(Unknown Source)
	at com.webtest.ranzhicase.CustomerManageTestCases.test45(Unknown Source)
	at com.webtest.ranzhicase.CustomerManageTestCases.test47(Unknown Source)
... Removed 27 stack frames]]>
    </failure>
  </testcase> <!-- test47 -->
  <testcase name="test48" time="1.463" classname="com.webtest.ranzhicase.CustomerManageTestCases">
    <failure type="java.lang.AssertionError" message="expected [true] but found [false]">
      <![CDATA[java.lang.AssertionError: expected [true] but found [false]
	at com.webtest.ranzhicase.CustomerManageTestCases.LoginSuccess(Unknown Source)
	at com.webtest.ranzhicase.CustomerManageTestCases.test45(Unknown Source)
	at com.webtest.ranzhicase.CustomerManageTestCases.test48(Unknown Source)
... Removed 27 stack frames]]>
    </failure>
  </testcase> <!-- test48 -->
  <testcase name="test48" time="1.206" classname="com.webtest.ranzhicase.CustomerManageTestCases">
    <failure type="java.lang.AssertionError" message="expected [true] but found [false]">
      <![CDATA[java.lang.AssertionError: expected [true] but found [false]
	at com.webtest.ranzhicase.CustomerManageTestCases.LoginSuccess(Unknown Source)
	at com.webtest.ranzhicase.CustomerManageTestCases.test45(Unknown Source)
	at com.webtest.ranzhicase.CustomerManageTestCases.test48(Unknown Source)
... Removed 27 stack frames]]>
    </failure>
  </testcase> <!-- test48 -->
  <testcase name="test48" time="1.429" classname="com.webtest.ranzhicase.CustomerManageTestCases">
    <failure type="java.lang.AssertionError" message="expected [true] but found [false]">
      <![CDATA[java.lang.AssertionError: expected [true] but found [false]
	at com.webtest.ranzhicase.CustomerManageTestCases.LoginSuccess(Unknown Source)
	at com.webtest.ranzhicase.CustomerManageTestCases.test45(Unknown Source)
	at com.webtest.ranzhicase.CustomerManageTestCases.test48(Unknown Source)
... Removed 27 stack frames]]>
    </failure>
  </testcase> <!-- test48 -->
  <testcase name="test01" time="0.193" classname="com.webtest.ranzhicase.DailyOfficeTestCases"/>
  <testcase name="test02" time="0.13" classname="com.webtest.ranzhicase.DailyOfficeTestCases"/>
  <testcase name="test03" time="0.059" classname="com.webtest.ranzhicase.DailyOfficeTestCases"/>
  <testcase name="test04" time="0.071" classname="com.webtest.ranzhicase.DailyOfficeTestCases"/>
  <testcase name="test05" time="1.844" classname="com.webtest.ranzhicase.DailyOfficeTestCases"/>
  <testcase name="test06" time="0.03" classname="com.webtest.ranzhicase.DailyOfficeTestCases"/>
  <testcase name="test07" time="0.097" classname="com.webtest.ranzhicase.DailyOfficeTestCases"/>
  <testcase name="test08" time="0.064" classname="com.webtest.ranzhicase.DailyOfficeTestCases"/>
  <testcase name="test09" time="0.041" classname="com.webtest.ranzhicase.DailyOfficeTestCases"/>
  <testcase name="test10" time="0.051" classname="com.webtest.ranzhicase.DailyOfficeTestCases"/>
  <testcase name="test11" time="0.066" classname="com.webtest.ranzhicase.DailyOfficeTestCases"/>
  <testcase name="test12" time="0.302" classname="com.webtest.ranzhicase.DailyOfficeTestCases"/>
  <testcase name="test13" time="0.057" classname="com.webtest.ranzhicase.DailyOfficeTestCases"/>
  <testcase name="test14" time="0.072" classname="com.webtest.ranzhicase.DailyOfficeTestCases"/>
  <testcase name="test15" time="0.207" classname="com.webtest.ranzhicase.DailyOfficeTestCases"/>
  <testcase name="test16" time="0.044" classname="com.webtest.ranzhicase.DailyOfficeTestCases"/>
  <testcase name="test17" time="0.031" classname="com.webtest.ranzhicase.DailyOfficeTestCases"/>
  <testcase name="test18" time="0.059" classname="com.webtest.ranzhicase.DailyOfficeTestCases"/>
  <testcase name="test19" time="0.106" classname="com.webtest.ranzhicase.DailyOfficeTestCases"/>
  <testcase name="test20" time="0.091" classname="com.webtest.ranzhicase.DailyOfficeTestCases"/>
  <testcase name="test21" time="0.062" classname="com.webtest.ranzhicase.DailyOfficeTestCases"/>
  <testcase name="test22" time="0.064" classname="com.webtest.ranzhicase.DailyOfficeTestCases"/>
  <testcase name="test23" time="0.033" classname="com.webtest.ranzhicase.DailyOfficeTestCases"/>
  <testcase name="test25" time="0.037" classname="com.webtest.ranzhicase.DailyOfficeTestCases"/>
  <testcase name="test26" time="0.069" classname="com.webtest.ranzhicase.DailyOfficeTestCases"/>
  <testcase name="test27" time="0.036" classname="com.webtest.ranzhicase.DailyOfficeTestCases"/>
  <testcase name="test28" time="0.062" classname="com.webtest.ranzhicase.DailyOfficeTestCases"/>
  <testcase name="test29" time="0.057" classname="com.webtest.ranzhicase.DailyOfficeTestCases"/>
  <testcase name="test30" time="0.064" classname="com.webtest.ranzhicase.DailyOfficeTestCases"/>
  <testcase name="test31" time="0.057" classname="com.webtest.ranzhicase.DailyOfficeTestCases"/>
  <testcase name="test32" time="0.051" classname="com.webtest.ranzhicase.DailyOfficeTestCases"/>
  <testcase name="test33" time="3.27" classname="com.webtest.ranzhicase.DailyOfficeTestCases"/>
  <testcase name="test34" time="0.168" classname="com.webtest.ranzhicase.DailyOfficeTestCases"/>
  <testcase name="test35" time="0.057" classname="com.webtest.ranzhicase.DailyOfficeTestCases"/>
  <testcase name="test36" time="0.04" classname="com.webtest.ranzhicase.DailyOfficeTestCases"/>
  <testcase name="test37" time="0.049" classname="com.webtest.ranzhicase.DailyOfficeTestCases"/>
  <testcase name="test38" time="0.052" classname="com.webtest.ranzhicase.DailyOfficeTestCases"/>
  <testcase name="test39" time="0.065" classname="com.webtest.ranzhicase.DailyOfficeTestCases"/>
  <testcase name="test40" time="0.061" classname="com.webtest.ranzhicase.DailyOfficeTestCases"/>
  <testcase name="test41" time="0.052" classname="com.webtest.ranzhicase.DailyOfficeTestCases"/>
  <testcase name="test42" time="0.046" classname="com.webtest.ranzhicase.DailyOfficeTestCases"/>
  <testcase name="test43" time="0.042" classname="com.webtest.ranzhicase.DailyOfficeTestCases"/>
  <testcase name="test44" time="0.028" classname="com.webtest.ranzhicase.DailyOfficeTestCases"/>
  <testcase name="test01" time="3.055" classname="com.webtest.ranzhicase.MyTerritoryTestCases">
    <failure type="org.openqa.selenium.NoSuchFrameException" message="No frame element found by name or id iframe-dashboard
Build info: version: &amp;apos;3.141.59&amp;apos;, revision: &amp;apos;e82be7d358&amp;apos;, time: &amp;apos;2018-11-14T08:25:53&amp;apos;
System info: host: &amp;apos;ABC123&amp;apos;, ip: &amp;apos;192.168.137.91&amp;apos;, os.name: &amp;apos;Windows 10&amp;apos;, os.arch: &amp;apos;amd64&amp;apos;, os.version: &amp;apos;10.0&amp;apos;, java.version: &amp;apos;1.8.0_73&amp;apos;
Driver info: driver.version: unknown">
      <![CDATA[org.openqa.selenium.NoSuchFrameException: No frame element found by name or id iframe-dashboard
Build info: version: '3.141.59', revision: 'e82be7d358', time: '2018-11-14T08:25:53'
System info: host: 'ABC123', ip: '192.168.137.91', os.name: 'Windows 10', os.arch: 'amd64', os.version: '10.0', java.version: '1.8.0_73'
Driver info: driver.version: unknown
	at org.openqa.selenium.remote.RemoteWebDriver$RemoteTargetLocator.frame(RemoteWebDriver.java:885)
	at com.webtest.core.WebDriverEngine.enterFrame(Unknown Source)
	at com.webtest.ranzhicase.MyTerritoryTestCases.test01(Unknown Source)
... Removed 23 stack frames]]>
    </failure>
  </testcase> <!-- test01 -->
  <testcase name="test02" time="3.077" classname="com.webtest.ranzhicase.MyTerritoryTestCases">
    <failure type="org.openqa.selenium.NoSuchFrameException" message="No frame element found by name or id iframe-dashboard
Build info: version: &amp;apos;3.141.59&amp;apos;, revision: &amp;apos;e82be7d358&amp;apos;, time: &amp;apos;2018-11-14T08:25:53&amp;apos;
System info: host: &amp;apos;ABC123&amp;apos;, ip: &amp;apos;192.168.137.91&amp;apos;, os.name: &amp;apos;Windows 10&amp;apos;, os.arch: &amp;apos;amd64&amp;apos;, os.version: &amp;apos;10.0&amp;apos;, java.version: &amp;apos;1.8.0_73&amp;apos;
Driver info: driver.version: unknown">
      <![CDATA[org.openqa.selenium.NoSuchFrameException: No frame element found by name or id iframe-dashboard
Build info: version: '3.141.59', revision: 'e82be7d358', time: '2018-11-14T08:25:53'
System info: host: 'ABC123', ip: '192.168.137.91', os.name: 'Windows 10', os.arch: 'amd64', os.version: '10.0', java.version: '1.8.0_73'
Driver info: driver.version: unknown
	at org.openqa.selenium.remote.RemoteWebDriver$RemoteTargetLocator.frame(RemoteWebDriver.java:885)
	at com.webtest.core.WebDriverEngine.enterFrame(Unknown Source)
	at com.webtest.ranzhicase.MyTerritoryTestCases.test02(Unknown Source)
... Removed 23 stack frames]]>
    </failure>
  </testcase> <!-- test02 -->
  <testcase name="test03" time="3.059" classname="com.webtest.ranzhicase.MyTerritoryTestCases">
    <failure type="org.openqa.selenium.NoSuchFrameException" message="No frame element found by name or id iframe-dashboard
Build info: version: &amp;apos;3.141.59&amp;apos;, revision: &amp;apos;e82be7d358&amp;apos;, time: &amp;apos;2018-11-14T08:25:53&amp;apos;
System info: host: &amp;apos;ABC123&amp;apos;, ip: &amp;apos;192.168.137.91&amp;apos;, os.name: &amp;apos;Windows 10&amp;apos;, os.arch: &amp;apos;amd64&amp;apos;, os.version: &amp;apos;10.0&amp;apos;, java.version: &amp;apos;1.8.0_73&amp;apos;
Driver info: driver.version: unknown">
      <![CDATA[org.openqa.selenium.NoSuchFrameException: No frame element found by name or id iframe-dashboard
Build info: version: '3.141.59', revision: 'e82be7d358', time: '2018-11-14T08:25:53'
System info: host: 'ABC123', ip: '192.168.137.91', os.name: 'Windows 10', os.arch: 'amd64', os.version: '10.0', java.version: '1.8.0_73'
Driver info: driver.version: unknown
	at org.openqa.selenium.remote.RemoteWebDriver$RemoteTargetLocator.frame(RemoteWebDriver.java:885)
	at com.webtest.core.WebDriverEngine.enterFrame(Unknown Source)
	at com.webtest.ranzhicase.MyTerritoryTestCases.test03(Unknown Source)
... Removed 23 stack frames]]>
    </failure>
  </testcase> <!-- test03 -->
  <testcase name="test05" time="3.253" classname="com.webtest.ranzhicase.MyTerritoryTestCases"/>
  <testcase name="test06" time="3.327" classname="com.webtest.ranzhicase.MyTerritoryTestCases">
    <failure type="org.openqa.selenium.NoSuchFrameException" message="No frame element found by name or id iframe-dashboard
Build info: version: &amp;apos;3.141.59&amp;apos;, revision: &amp;apos;e82be7d358&amp;apos;, time: &amp;apos;2018-11-14T08:25:53&amp;apos;
System info: host: &amp;apos;ABC123&amp;apos;, ip: &amp;apos;192.168.137.91&amp;apos;, os.name: &amp;apos;Windows 10&amp;apos;, os.arch: &amp;apos;amd64&amp;apos;, os.version: &amp;apos;10.0&amp;apos;, java.version: &amp;apos;1.8.0_73&amp;apos;
Driver info: driver.version: unknown">
      <![CDATA[org.openqa.selenium.NoSuchFrameException: No frame element found by name or id iframe-dashboard
Build info: version: '3.141.59', revision: 'e82be7d358', time: '2018-11-14T08:25:53'
System info: host: 'ABC123', ip: '192.168.137.91', os.name: 'Windows 10', os.arch: 'amd64', os.version: '10.0', java.version: '1.8.0_73'
Driver info: driver.version: unknown
	at org.openqa.selenium.remote.RemoteWebDriver$RemoteTargetLocator.frame(RemoteWebDriver.java:885)
	at com.webtest.core.WebDriverEngine.enterFrame(Unknown Source)
	at com.webtest.ranzhicase.MyTerritoryTestCases.test06(Unknown Source)
... Removed 23 stack frames]]>
    </failure>
  </testcase> <!-- test06 -->
  <testcase name="test07" time="3.057" classname="com.webtest.ranzhicase.MyTerritoryTestCases">
    <failure type="org.openqa.selenium.NoSuchFrameException" message="No frame element found by name or id iframe-dashboard
Build info: version: &amp;apos;3.141.59&amp;apos;, revision: &amp;apos;e82be7d358&amp;apos;, time: &amp;apos;2018-11-14T08:25:53&amp;apos;
System info: host: &amp;apos;ABC123&amp;apos;, ip: &amp;apos;192.168.137.91&amp;apos;, os.name: &amp;apos;Windows 10&amp;apos;, os.arch: &amp;apos;amd64&amp;apos;, os.version: &amp;apos;10.0&amp;apos;, java.version: &amp;apos;1.8.0_73&amp;apos;
Driver info: driver.version: unknown">
      <![CDATA[org.openqa.selenium.NoSuchFrameException: No frame element found by name or id iframe-dashboard
Build info: version: '3.141.59', revision: 'e82be7d358', time: '2018-11-14T08:25:53'
System info: host: 'ABC123', ip: '192.168.137.91', os.name: 'Windows 10', os.arch: 'amd64', os.version: '10.0', java.version: '1.8.0_73'
Driver info: driver.version: unknown
	at org.openqa.selenium.remote.RemoteWebDriver$RemoteTargetLocator.frame(RemoteWebDriver.java:885)
	at com.webtest.core.WebDriverEngine.enterFrame(Unknown Source)
	at com.webtest.ranzhicase.MyTerritoryTestCases.test07(Unknown Source)
... Removed 23 stack frames]]>
    </failure>
  </testcase> <!-- test07 -->
  <testcase name="test08" time="0.062" classname="com.webtest.ranzhicase.MyTerritoryTestCases"/>
  <testcase name="test09" time="3.044" classname="com.webtest.ranzhicase.MyTerritoryTestCases">
    <failure type="org.openqa.selenium.NoSuchFrameException" message="No frame element found by name or id iframe-dashboard
Build info: version: &amp;apos;3.141.59&amp;apos;, revision: &amp;apos;e82be7d358&amp;apos;, time: &amp;apos;2018-11-14T08:25:53&amp;apos;
System info: host: &amp;apos;ABC123&amp;apos;, ip: &amp;apos;192.168.137.91&amp;apos;, os.name: &amp;apos;Windows 10&amp;apos;, os.arch: &amp;apos;amd64&amp;apos;, os.version: &amp;apos;10.0&amp;apos;, java.version: &amp;apos;1.8.0_73&amp;apos;
Driver info: driver.version: unknown">
      <![CDATA[org.openqa.selenium.NoSuchFrameException: No frame element found by name or id iframe-dashboard
Build info: version: '3.141.59', revision: 'e82be7d358', time: '2018-11-14T08:25:53'
System info: host: 'ABC123', ip: '192.168.137.91', os.name: 'Windows 10', os.arch: 'amd64', os.version: '10.0', java.version: '1.8.0_73'
Driver info: driver.version: unknown
	at org.openqa.selenium.remote.RemoteWebDriver$RemoteTargetLocator.frame(RemoteWebDriver.java:885)
	at com.webtest.core.WebDriverEngine.enterFrame(Unknown Source)
	at com.webtest.ranzhicase.MyTerritoryTestCases.test09(Unknown Source)
... Removed 23 stack frames]]>
    </failure>
  </testcase> <!-- test09 -->
  <testcase name="test10" time="3.065" classname="com.webtest.ranzhicase.MyTerritoryTestCases">
    <failure type="org.openqa.selenium.NoSuchFrameException" message="No frame element found by name or id iframe-dashboard
Build info: version: &amp;apos;3.141.59&amp;apos;, revision: &amp;apos;e82be7d358&amp;apos;, time: &amp;apos;2018-11-14T08:25:53&amp;apos;
System info: host: &amp;apos;ABC123&amp;apos;, ip: &amp;apos;192.168.137.91&amp;apos;, os.name: &amp;apos;Windows 10&amp;apos;, os.arch: &amp;apos;amd64&amp;apos;, os.version: &amp;apos;10.0&amp;apos;, java.version: &amp;apos;1.8.0_73&amp;apos;
Driver info: driver.version: unknown">
      <![CDATA[org.openqa.selenium.NoSuchFrameException: No frame element found by name or id iframe-dashboard
Build info: version: '3.141.59', revision: 'e82be7d358', time: '2018-11-14T08:25:53'
System info: host: 'ABC123', ip: '192.168.137.91', os.name: 'Windows 10', os.arch: 'amd64', os.version: '10.0', java.version: '1.8.0_73'
Driver info: driver.version: unknown
	at org.openqa.selenium.remote.RemoteWebDriver$RemoteTargetLocator.frame(RemoteWebDriver.java:885)
	at com.webtest.core.WebDriverEngine.enterFrame(Unknown Source)
	at com.webtest.ranzhicase.MyTerritoryTestCases.test10(Unknown Source)
... Removed 23 stack frames]]>
    </failure>
  </testcase> <!-- test10 -->
  <testcase name="test11" time="3.05" classname="com.webtest.ranzhicase.MyTerritoryTestCases">
    <failure type="org.openqa.selenium.NoSuchFrameException" message="No frame element found by name or id iframe-dashboard
Build info: version: &amp;apos;3.141.59&amp;apos;, revision: &amp;apos;e82be7d358&amp;apos;, time: &amp;apos;2018-11-14T08:25:53&amp;apos;
System info: host: &amp;apos;ABC123&amp;apos;, ip: &amp;apos;192.168.137.91&amp;apos;, os.name: &amp;apos;Windows 10&amp;apos;, os.arch: &amp;apos;amd64&amp;apos;, os.version: &amp;apos;10.0&amp;apos;, java.version: &amp;apos;1.8.0_73&amp;apos;
Driver info: driver.version: unknown">
      <![CDATA[org.openqa.selenium.NoSuchFrameException: No frame element found by name or id iframe-dashboard
Build info: version: '3.141.59', revision: 'e82be7d358', time: '2018-11-14T08:25:53'
System info: host: 'ABC123', ip: '192.168.137.91', os.name: 'Windows 10', os.arch: 'amd64', os.version: '10.0', java.version: '1.8.0_73'
Driver info: driver.version: unknown
	at org.openqa.selenium.remote.RemoteWebDriver$RemoteTargetLocator.frame(RemoteWebDriver.java:885)
	at com.webtest.core.WebDriverEngine.enterFrame(Unknown Source)
	at com.webtest.ranzhicase.MyTerritoryTestCases.test11(Unknown Source)
... Removed 23 stack frames]]>
    </failure>
  </testcase> <!-- test11 -->
  <testcase name="test12" time="3.068" classname="com.webtest.ranzhicase.MyTerritoryTestCases">
    <failure type="org.openqa.selenium.NoSuchFrameException" message="No frame element found by name or id iframe-dashboard
Build info: version: &amp;apos;3.141.59&amp;apos;, revision: &amp;apos;e82be7d358&amp;apos;, time: &amp;apos;2018-11-14T08:25:53&amp;apos;
System info: host: &amp;apos;ABC123&amp;apos;, ip: &amp;apos;192.168.137.91&amp;apos;, os.name: &amp;apos;Windows 10&amp;apos;, os.arch: &amp;apos;amd64&amp;apos;, os.version: &amp;apos;10.0&amp;apos;, java.version: &amp;apos;1.8.0_73&amp;apos;
Driver info: driver.version: unknown">
      <![CDATA[org.openqa.selenium.NoSuchFrameException: No frame element found by name or id iframe-dashboard
Build info: version: '3.141.59', revision: 'e82be7d358', time: '2018-11-14T08:25:53'
System info: host: 'ABC123', ip: '192.168.137.91', os.name: 'Windows 10', os.arch: 'amd64', os.version: '10.0', java.version: '1.8.0_73'
Driver info: driver.version: unknown
	at org.openqa.selenium.remote.RemoteWebDriver$RemoteTargetLocator.frame(RemoteWebDriver.java:885)
	at com.webtest.core.WebDriverEngine.enterFrame(Unknown Source)
	at com.webtest.ranzhicase.MyTerritoryTestCases.test12(Unknown Source)
... Removed 23 stack frames]]>
    </failure>
  </testcase> <!-- test12 -->
  <testcase name="test13" time="3.036" classname="com.webtest.ranzhicase.MyTerritoryTestCases">
    <failure type="org.openqa.selenium.NoSuchFrameException" message="No frame element found by name or id iframe-dashboard
Build info: version: &amp;apos;3.141.59&amp;apos;, revision: &amp;apos;e82be7d358&amp;apos;, time: &amp;apos;2018-11-14T08:25:53&amp;apos;
System info: host: &amp;apos;ABC123&amp;apos;, ip: &amp;apos;192.168.137.91&amp;apos;, os.name: &amp;apos;Windows 10&amp;apos;, os.arch: &amp;apos;amd64&amp;apos;, os.version: &amp;apos;10.0&amp;apos;, java.version: &amp;apos;1.8.0_73&amp;apos;
Driver info: driver.version: unknown">
      <![CDATA[org.openqa.selenium.NoSuchFrameException: No frame element found by name or id iframe-dashboard
Build info: version: '3.141.59', revision: 'e82be7d358', time: '2018-11-14T08:25:53'
System info: host: 'ABC123', ip: '192.168.137.91', os.name: 'Windows 10', os.arch: 'amd64', os.version: '10.0', java.version: '1.8.0_73'
Driver info: driver.version: unknown
	at org.openqa.selenium.remote.RemoteWebDriver$RemoteTargetLocator.frame(RemoteWebDriver.java:885)
	at com.webtest.core.WebDriverEngine.enterFrame(Unknown Source)
	at com.webtest.ranzhicase.MyTerritoryTestCases.test13(Unknown Source)
... Removed 23 stack frames]]>
    </failure>
  </testcase> <!-- test13 -->
  <testcase name="test14" time="3.063" classname="com.webtest.ranzhicase.MyTerritoryTestCases">
    <failure type="org.openqa.selenium.NoSuchFrameException" message="No frame element found by name or id iframe-dashboard
Build info: version: &amp;apos;3.141.59&amp;apos;, revision: &amp;apos;e82be7d358&amp;apos;, time: &amp;apos;2018-11-14T08:25:53&amp;apos;
System info: host: &amp;apos;ABC123&amp;apos;, ip: &amp;apos;192.168.137.91&amp;apos;, os.name: &amp;apos;Windows 10&amp;apos;, os.arch: &amp;apos;amd64&amp;apos;, os.version: &amp;apos;10.0&amp;apos;, java.version: &amp;apos;1.8.0_73&amp;apos;
Driver info: driver.version: unknown">
      <![CDATA[org.openqa.selenium.NoSuchFrameException: No frame element found by name or id iframe-dashboard
Build info: version: '3.141.59', revision: 'e82be7d358', time: '2018-11-14T08:25:53'
System info: host: 'ABC123', ip: '192.168.137.91', os.name: 'Windows 10', os.arch: 'amd64', os.version: '10.0', java.version: '1.8.0_73'
Driver info: driver.version: unknown
	at org.openqa.selenium.remote.RemoteWebDriver$RemoteTargetLocator.frame(RemoteWebDriver.java:885)
	at com.webtest.core.WebDriverEngine.enterFrame(Unknown Source)
	at com.webtest.ranzhicase.MyTerritoryTestCases.test14(Unknown Source)
... Removed 23 stack frames]]>
    </failure>
  </testcase> <!-- test14 -->
  <testcase name="test15" time="3.064" classname="com.webtest.ranzhicase.MyTerritoryTestCases">
    <failure type="org.openqa.selenium.NoSuchFrameException" message="No frame element found by name or id iframe-dashboard
Build info: version: &amp;apos;3.141.59&amp;apos;, revision: &amp;apos;e82be7d358&amp;apos;, time: &amp;apos;2018-11-14T08:25:53&amp;apos;
System info: host: &amp;apos;ABC123&amp;apos;, ip: &amp;apos;192.168.137.91&amp;apos;, os.name: &amp;apos;Windows 10&amp;apos;, os.arch: &amp;apos;amd64&amp;apos;, os.version: &amp;apos;10.0&amp;apos;, java.version: &amp;apos;1.8.0_73&amp;apos;
Driver info: driver.version: unknown">
      <![CDATA[org.openqa.selenium.NoSuchFrameException: No frame element found by name or id iframe-dashboard
Build info: version: '3.141.59', revision: 'e82be7d358', time: '2018-11-14T08:25:53'
System info: host: 'ABC123', ip: '192.168.137.91', os.name: 'Windows 10', os.arch: 'amd64', os.version: '10.0', java.version: '1.8.0_73'
Driver info: driver.version: unknown
	at org.openqa.selenium.remote.RemoteWebDriver$RemoteTargetLocator.frame(RemoteWebDriver.java:885)
	at com.webtest.core.WebDriverEngine.enterFrame(Unknown Source)
	at com.webtest.ranzhicase.MyTerritoryTestCases.test15(Unknown Source)
... Removed 23 stack frames]]>
    </failure>
  </testcase> <!-- test15 -->
  <testcase name="test16" time="3.053" classname="com.webtest.ranzhicase.MyTerritoryTestCases">
    <failure type="org.openqa.selenium.NoSuchFrameException" message="No frame element found by name or id iframe-dashboard
Build info: version: &amp;apos;3.141.59&amp;apos;, revision: &amp;apos;e82be7d358&amp;apos;, time: &amp;apos;2018-11-14T08:25:53&amp;apos;
System info: host: &amp;apos;ABC123&amp;apos;, ip: &amp;apos;192.168.137.91&amp;apos;, os.name: &amp;apos;Windows 10&amp;apos;, os.arch: &amp;apos;amd64&amp;apos;, os.version: &amp;apos;10.0&amp;apos;, java.version: &amp;apos;1.8.0_73&amp;apos;
Driver info: driver.version: unknown">
      <![CDATA[org.openqa.selenium.NoSuchFrameException: No frame element found by name or id iframe-dashboard
Build info: version: '3.141.59', revision: 'e82be7d358', time: '2018-11-14T08:25:53'
System info: host: 'ABC123', ip: '192.168.137.91', os.name: 'Windows 10', os.arch: 'amd64', os.version: '10.0', java.version: '1.8.0_73'
Driver info: driver.version: unknown
	at org.openqa.selenium.remote.RemoteWebDriver$RemoteTargetLocator.frame(RemoteWebDriver.java:885)
	at com.webtest.core.WebDriverEngine.enterFrame(Unknown Source)
	at com.webtest.ranzhicase.MyTerritoryTestCases.test16(Unknown Source)
... Removed 23 stack frames]]>
    </failure>
  </testcase> <!-- test16 -->
  <testcase name="test17" time="3.027" classname="com.webtest.ranzhicase.MyTerritoryTestCases">
    <failure type="org.openqa.selenium.NoSuchFrameException" message="No frame element found by name or id iframe-dashboard
Build info: version: &amp;apos;3.141.59&amp;apos;, revision: &amp;apos;e82be7d358&amp;apos;, time: &amp;apos;2018-11-14T08:25:53&amp;apos;
System info: host: &amp;apos;ABC123&amp;apos;, ip: &amp;apos;192.168.137.91&amp;apos;, os.name: &amp;apos;Windows 10&amp;apos;, os.arch: &amp;apos;amd64&amp;apos;, os.version: &amp;apos;10.0&amp;apos;, java.version: &amp;apos;1.8.0_73&amp;apos;
Driver info: driver.version: unknown">
      <![CDATA[org.openqa.selenium.NoSuchFrameException: No frame element found by name or id iframe-dashboard
Build info: version: '3.141.59', revision: 'e82be7d358', time: '2018-11-14T08:25:53'
System info: host: 'ABC123', ip: '192.168.137.91', os.name: 'Windows 10', os.arch: 'amd64', os.version: '10.0', java.version: '1.8.0_73'
Driver info: driver.version: unknown
	at org.openqa.selenium.remote.RemoteWebDriver$RemoteTargetLocator.frame(RemoteWebDriver.java:885)
	at com.webtest.core.WebDriverEngine.enterFrame(Unknown Source)
	at com.webtest.ranzhicase.MyTerritoryTestCases.test17(Unknown Source)
... Removed 23 stack frames]]>
    </failure>
  </testcase> <!-- test17 -->
  <testcase name="test18" time="3.053" classname="com.webtest.ranzhicase.MyTerritoryTestCases">
    <failure type="org.openqa.selenium.NoSuchFrameException" message="No frame element found by name or id iframe-dashboard
Build info: version: &amp;apos;3.141.59&amp;apos;, revision: &amp;apos;e82be7d358&amp;apos;, time: &amp;apos;2018-11-14T08:25:53&amp;apos;
System info: host: &amp;apos;ABC123&amp;apos;, ip: &amp;apos;192.168.137.91&amp;apos;, os.name: &amp;apos;Windows 10&amp;apos;, os.arch: &amp;apos;amd64&amp;apos;, os.version: &amp;apos;10.0&amp;apos;, java.version: &amp;apos;1.8.0_73&amp;apos;
Driver info: driver.version: unknown">
      <![CDATA[org.openqa.selenium.NoSuchFrameException: No frame element found by name or id iframe-dashboard
Build info: version: '3.141.59', revision: 'e82be7d358', time: '2018-11-14T08:25:53'
System info: host: 'ABC123', ip: '192.168.137.91', os.name: 'Windows 10', os.arch: 'amd64', os.version: '10.0', java.version: '1.8.0_73'
Driver info: driver.version: unknown
	at org.openqa.selenium.remote.RemoteWebDriver$RemoteTargetLocator.frame(RemoteWebDriver.java:885)
	at com.webtest.core.WebDriverEngine.enterFrame(Unknown Source)
	at com.webtest.ranzhicase.MyTerritoryTestCases.test18(Unknown Source)
... Removed 23 stack frames]]>
    </failure>
  </testcase> <!-- test18 -->
  <testcase name="test19" time="3.033" classname="com.webtest.ranzhicase.MyTerritoryTestCases">
    <failure type="org.openqa.selenium.NoSuchFrameException" message="No frame element found by name or id iframe-dashboard
Build info: version: &amp;apos;3.141.59&amp;apos;, revision: &amp;apos;e82be7d358&amp;apos;, time: &amp;apos;2018-11-14T08:25:53&amp;apos;
System info: host: &amp;apos;ABC123&amp;apos;, ip: &amp;apos;192.168.137.91&amp;apos;, os.name: &amp;apos;Windows 10&amp;apos;, os.arch: &amp;apos;amd64&amp;apos;, os.version: &amp;apos;10.0&amp;apos;, java.version: &amp;apos;1.8.0_73&amp;apos;
Driver info: driver.version: unknown">
      <![CDATA[org.openqa.selenium.NoSuchFrameException: No frame element found by name or id iframe-dashboard
Build info: version: '3.141.59', revision: 'e82be7d358', time: '2018-11-14T08:25:53'
System info: host: 'ABC123', ip: '192.168.137.91', os.name: 'Windows 10', os.arch: 'amd64', os.version: '10.0', java.version: '1.8.0_73'
Driver info: driver.version: unknown
	at org.openqa.selenium.remote.RemoteWebDriver$RemoteTargetLocator.frame(RemoteWebDriver.java:885)
	at com.webtest.core.WebDriverEngine.enterFrame(Unknown Source)
	at com.webtest.ranzhicase.MyTerritoryTestCases.test19(Unknown Source)
... Removed 23 stack frames]]>
    </failure>
  </testcase> <!-- test19 -->
  <testcase name="test20" time="3.099" classname="com.webtest.ranzhicase.MyTerritoryTestCases">
    <failure type="org.openqa.selenium.NoSuchFrameException" message="No frame element found by name or id iframe-dashboard
Build info: version: &amp;apos;3.141.59&amp;apos;, revision: &amp;apos;e82be7d358&amp;apos;, time: &amp;apos;2018-11-14T08:25:53&amp;apos;
System info: host: &amp;apos;ABC123&amp;apos;, ip: &amp;apos;192.168.137.91&amp;apos;, os.name: &amp;apos;Windows 10&amp;apos;, os.arch: &amp;apos;amd64&amp;apos;, os.version: &amp;apos;10.0&amp;apos;, java.version: &amp;apos;1.8.0_73&amp;apos;
Driver info: driver.version: unknown">
      <![CDATA[org.openqa.selenium.NoSuchFrameException: No frame element found by name or id iframe-dashboard
Build info: version: '3.141.59', revision: 'e82be7d358', time: '2018-11-14T08:25:53'
System info: host: 'ABC123', ip: '192.168.137.91', os.name: 'Windows 10', os.arch: 'amd64', os.version: '10.0', java.version: '1.8.0_73'
Driver info: driver.version: unknown
	at org.openqa.selenium.remote.RemoteWebDriver$RemoteTargetLocator.frame(RemoteWebDriver.java:885)
	at com.webtest.core.WebDriverEngine.enterFrame(Unknown Source)
	at com.webtest.ranzhicase.MyTerritoryTestCases.test20(Unknown Source)
... Removed 23 stack frames]]>
    </failure>
  </testcase> <!-- test20 -->
  <testcase name="test21" time="3.073" classname="com.webtest.ranzhicase.MyTerritoryTestCases">
    <failure type="org.openqa.selenium.NoSuchFrameException" message="No frame element found by name or id iframe-dashboard
Build info: version: &amp;apos;3.141.59&amp;apos;, revision: &amp;apos;e82be7d358&amp;apos;, time: &amp;apos;2018-11-14T08:25:53&amp;apos;
System info: host: &amp;apos;ABC123&amp;apos;, ip: &amp;apos;192.168.137.91&amp;apos;, os.name: &amp;apos;Windows 10&amp;apos;, os.arch: &amp;apos;amd64&amp;apos;, os.version: &amp;apos;10.0&amp;apos;, java.version: &amp;apos;1.8.0_73&amp;apos;
Driver info: driver.version: unknown">
      <![CDATA[org.openqa.selenium.NoSuchFrameException: No frame element found by name or id iframe-dashboard
Build info: version: '3.141.59', revision: 'e82be7d358', time: '2018-11-14T08:25:53'
System info: host: 'ABC123', ip: '192.168.137.91', os.name: 'Windows 10', os.arch: 'amd64', os.version: '10.0', java.version: '1.8.0_73'
Driver info: driver.version: unknown
	at org.openqa.selenium.remote.RemoteWebDriver$RemoteTargetLocator.frame(RemoteWebDriver.java:885)
	at com.webtest.core.WebDriverEngine.enterFrame(Unknown Source)
	at com.webtest.ranzhicase.MyTerritoryTestCases.test21(Unknown Source)
... Removed 23 stack frames]]>
    </failure>
  </testcase> <!-- test21 -->
  <testcase name="test22" time="3.046" classname="com.webtest.ranzhicase.MyTerritoryTestCases">
    <failure type="org.openqa.selenium.NoSuchFrameException" message="No frame element found by name or id iframe-dashboard
Build info: version: &amp;apos;3.141.59&amp;apos;, revision: &amp;apos;e82be7d358&amp;apos;, time: &amp;apos;2018-11-14T08:25:53&amp;apos;
System info: host: &amp;apos;ABC123&amp;apos;, ip: &amp;apos;192.168.137.91&amp;apos;, os.name: &amp;apos;Windows 10&amp;apos;, os.arch: &amp;apos;amd64&amp;apos;, os.version: &amp;apos;10.0&amp;apos;, java.version: &amp;apos;1.8.0_73&amp;apos;
Driver info: driver.version: unknown">
      <![CDATA[org.openqa.selenium.NoSuchFrameException: No frame element found by name or id iframe-dashboard
Build info: version: '3.141.59', revision: 'e82be7d358', time: '2018-11-14T08:25:53'
System info: host: 'ABC123', ip: '192.168.137.91', os.name: 'Windows 10', os.arch: 'amd64', os.version: '10.0', java.version: '1.8.0_73'
Driver info: driver.version: unknown
	at org.openqa.selenium.remote.RemoteWebDriver$RemoteTargetLocator.frame(RemoteWebDriver.java:885)
	at com.webtest.core.WebDriverEngine.enterFrame(Unknown Source)
	at com.webtest.ranzhicase.MyTerritoryTestCases.test22(Unknown Source)
... Removed 23 stack frames]]>
    </failure>
  </testcase> <!-- test22 -->
  <testcase name="test23" time="3.07" classname="com.webtest.ranzhicase.MyTerritoryTestCases">
    <failure type="org.openqa.selenium.NoSuchFrameException" message="No frame element found by name or id iframe-dashboard
Build info: version: &amp;apos;3.141.59&amp;apos;, revision: &amp;apos;e82be7d358&amp;apos;, time: &amp;apos;2018-11-14T08:25:53&amp;apos;
System info: host: &amp;apos;ABC123&amp;apos;, ip: &amp;apos;192.168.137.91&amp;apos;, os.name: &amp;apos;Windows 10&amp;apos;, os.arch: &amp;apos;amd64&amp;apos;, os.version: &amp;apos;10.0&amp;apos;, java.version: &amp;apos;1.8.0_73&amp;apos;
Driver info: driver.version: unknown">
      <![CDATA[org.openqa.selenium.NoSuchFrameException: No frame element found by name or id iframe-dashboard
Build info: version: '3.141.59', revision: 'e82be7d358', time: '2018-11-14T08:25:53'
System info: host: 'ABC123', ip: '192.168.137.91', os.name: 'Windows 10', os.arch: 'amd64', os.version: '10.0', java.version: '1.8.0_73'
Driver info: driver.version: unknown
	at org.openqa.selenium.remote.RemoteWebDriver$RemoteTargetLocator.frame(RemoteWebDriver.java:885)
	at com.webtest.core.WebDriverEngine.enterFrame(Unknown Source)
	at com.webtest.ranzhicase.MyTerritoryTestCases.test23(Unknown Source)
... Removed 23 stack frames]]>
    </failure>
  </testcase> <!-- test23 -->
  <testcase name="test24" time="3.065" classname="com.webtest.ranzhicase.MyTerritoryTestCases">
    <failure type="org.openqa.selenium.NoSuchFrameException" message="No frame element found by name or id iframe-dashboard
Build info: version: &amp;apos;3.141.59&amp;apos;, revision: &amp;apos;e82be7d358&amp;apos;, time: &amp;apos;2018-11-14T08:25:53&amp;apos;
System info: host: &amp;apos;ABC123&amp;apos;, ip: &amp;apos;192.168.137.91&amp;apos;, os.name: &amp;apos;Windows 10&amp;apos;, os.arch: &amp;apos;amd64&amp;apos;, os.version: &amp;apos;10.0&amp;apos;, java.version: &amp;apos;1.8.0_73&amp;apos;
Driver info: driver.version: unknown">
      <![CDATA[org.openqa.selenium.NoSuchFrameException: No frame element found by name or id iframe-dashboard
Build info: version: '3.141.59', revision: 'e82be7d358', time: '2018-11-14T08:25:53'
System info: host: 'ABC123', ip: '192.168.137.91', os.name: 'Windows 10', os.arch: 'amd64', os.version: '10.0', java.version: '1.8.0_73'
Driver info: driver.version: unknown
	at org.openqa.selenium.remote.RemoteWebDriver$RemoteTargetLocator.frame(RemoteWebDriver.java:885)
	at com.webtest.core.WebDriverEngine.enterFrame(Unknown Source)
	at com.webtest.ranzhicase.MyTerritoryTestCases.test24(Unknown Source)
... Removed 23 stack frames]]>
    </failure>
  </testcase> <!-- test24 -->
  <testcase name="test25" time="3.059" classname="com.webtest.ranzhicase.MyTerritoryTestCases">
    <failure type="org.openqa.selenium.NoSuchFrameException" message="No frame element found by name or id iframe-dashboard
Build info: version: &amp;apos;3.141.59&amp;apos;, revision: &amp;apos;e82be7d358&amp;apos;, time: &amp;apos;2018-11-14T08:25:53&amp;apos;
System info: host: &amp;apos;ABC123&amp;apos;, ip: &amp;apos;192.168.137.91&amp;apos;, os.name: &amp;apos;Windows 10&amp;apos;, os.arch: &amp;apos;amd64&amp;apos;, os.version: &amp;apos;10.0&amp;apos;, java.version: &amp;apos;1.8.0_73&amp;apos;
Driver info: driver.version: unknown">
      <![CDATA[org.openqa.selenium.NoSuchFrameException: No frame element found by name or id iframe-dashboard
Build info: version: '3.141.59', revision: 'e82be7d358', time: '2018-11-14T08:25:53'
System info: host: 'ABC123', ip: '192.168.137.91', os.name: 'Windows 10', os.arch: 'amd64', os.version: '10.0', java.version: '1.8.0_73'
Driver info: driver.version: unknown
	at org.openqa.selenium.remote.RemoteWebDriver$RemoteTargetLocator.frame(RemoteWebDriver.java:885)
	at com.webtest.core.WebDriverEngine.enterFrame(Unknown Source)
	at com.webtest.ranzhicase.MyTerritoryTestCases.test25(Unknown Source)
... Removed 23 stack frames]]>
    </failure>
  </testcase> <!-- test25 -->
  <testcase name="test26" time="2.168" classname="com.webtest.ranzhicase.MyTerritoryTestCases"/>
  <testcase name="test27" time="0.187" classname="com.webtest.ranzhicase.MyTerritoryTestCases"/>
  <testcase name="test28" time="0.09" classname="com.webtest.ranzhicase.MyTerritoryTestCases"/>
  <testcase name="test29" time="0.05" classname="com.webtest.ranzhicase.MyTerritoryTestCases"/>
  <testcase name="test30" time="0.086" classname="com.webtest.ranzhicase.MyTerritoryTestCases"/>
  <testcase name="test31" time="0.081" classname="com.webtest.ranzhicase.MyTerritoryTestCases"/>
  <testcase name="test33" time="0.035" classname="com.webtest.ranzhicase.MyTerritoryTestCases"/>
  <testcase name="test34" time="0.076" classname="com.webtest.ranzhicase.MyTerritoryTestCases"/>
  <testcase name="test35" time="3.05" classname="com.webtest.ranzhicase.MyTerritoryTestCases">
    <failure type="org.openqa.selenium.NoSuchFrameException" message="No frame element found by name or id iframe-dashboard
Build info: version: &amp;apos;3.141.59&amp;apos;, revision: &amp;apos;e82be7d358&amp;apos;, time: &amp;apos;2018-11-14T08:25:53&amp;apos;
System info: host: &amp;apos;ABC123&amp;apos;, ip: &amp;apos;192.168.137.91&amp;apos;, os.name: &amp;apos;Windows 10&amp;apos;, os.arch: &amp;apos;amd64&amp;apos;, os.version: &amp;apos;10.0&amp;apos;, java.version: &amp;apos;1.8.0_73&amp;apos;
Driver info: driver.version: unknown">
      <![CDATA[org.openqa.selenium.NoSuchFrameException: No frame element found by name or id iframe-dashboard
Build info: version: '3.141.59', revision: 'e82be7d358', time: '2018-11-14T08:25:53'
System info: host: 'ABC123', ip: '192.168.137.91', os.name: 'Windows 10', os.arch: 'amd64', os.version: '10.0', java.version: '1.8.0_73'
Driver info: driver.version: unknown
	at org.openqa.selenium.remote.RemoteWebDriver$RemoteTargetLocator.frame(RemoteWebDriver.java:885)
	at com.webtest.core.WebDriverEngine.enterFrame(Unknown Source)
	at com.webtest.ranzhicase.MyTerritoryTestCases.test35(Unknown Source)
... Removed 23 stack frames]]>
    </failure>
  </testcase> <!-- test35 -->
  <testcase name="test36" time="3.054" classname="com.webtest.ranzhicase.MyTerritoryTestCases">
    <failure type="org.openqa.selenium.NoSuchFrameException" message="No frame element found by name or id iframe-dashboard
Build info: version: &amp;apos;3.141.59&amp;apos;, revision: &amp;apos;e82be7d358&amp;apos;, time: &amp;apos;2018-11-14T08:25:53&amp;apos;
System info: host: &amp;apos;ABC123&amp;apos;, ip: &amp;apos;192.168.137.91&amp;apos;, os.name: &amp;apos;Windows 10&amp;apos;, os.arch: &amp;apos;amd64&amp;apos;, os.version: &amp;apos;10.0&amp;apos;, java.version: &amp;apos;1.8.0_73&amp;apos;
Driver info: driver.version: unknown">
      <![CDATA[org.openqa.selenium.NoSuchFrameException: No frame element found by name or id iframe-dashboard
Build info: version: '3.141.59', revision: 'e82be7d358', time: '2018-11-14T08:25:53'
System info: host: 'ABC123', ip: '192.168.137.91', os.name: 'Windows 10', os.arch: 'amd64', os.version: '10.0', java.version: '1.8.0_73'
Driver info: driver.version: unknown
	at org.openqa.selenium.remote.RemoteWebDriver$RemoteTargetLocator.frame(RemoteWebDriver.java:885)
	at com.webtest.core.WebDriverEngine.enterFrame(Unknown Source)
	at com.webtest.ranzhicase.MyTerritoryTestCases.test36(Unknown Source)
... Removed 23 stack frames]]>
    </failure>
  </testcase> <!-- test36 -->
  <testcase name="test40" time="0.196" classname="com.webtest.ranzhicase.MyTerritoryTestCases"/>
  <testcase name="test41" time="0.08" classname="com.webtest.ranzhicase.MyTerritoryTestCases"/>
  <testcase name="test42" time="0.205" classname="com.webtest.ranzhicase.MyTerritoryTestCases"/>
  <testcase name="test44" time="0.029" classname="com.webtest.ranzhicase.MyTerritoryTestCases"/>
  <testcase name="test45" time="0.025" classname="com.webtest.ranzhicase.MyTerritoryTestCases"/>
  <testcase name="test46" time="0.131" classname="com.webtest.ranzhicase.MyTerritoryTestCases"/>
  <testcase name="test46" time="0.1" classname="com.webtest.ranzhicase.MyTerritoryTestCases"/>
  <testcase name="test46" time="0.104" classname="com.webtest.ranzhicase.MyTerritoryTestCases"/>
  <testcase name="test46" time="0.094" classname="com.webtest.ranzhicase.MyTerritoryTestCases"/>
  <testcase name="test46" time="0.096" classname="com.webtest.ranzhicase.MyTerritoryTestCases"/>
  <testcase name="test46" time="0.115" classname="com.webtest.ranzhicase.MyTerritoryTestCases"/>
  <testcase name="test46" time="0.112" classname="com.webtest.ranzhicase.MyTerritoryTestCases"/>
  <testcase name="test46" time="0.109" classname="com.webtest.ranzhicase.MyTerritoryTestCases"/>
  <testcase name="test46" time="0.104" classname="com.webtest.ranzhicase.MyTerritoryTestCases"/>
  <testcase name="test46" time="0.103" classname="com.webtest.ranzhicase.MyTerritoryTestCases"/>
  <testcase name="test46" time="0.118" classname="com.webtest.ranzhicase.MyTerritoryTestCases"/>
  <testcase name="test46" time="0.114" classname="com.webtest.ranzhicase.MyTerritoryTestCases"/>
  <testcase name="testTeam01" time="0.0" classname="com.webtest.ranzhicase.OtherTestCases">
    <skipped/>
  </testcase> <!-- testTeam01 -->
  <testcase name="testTeam02" time="0.0" classname="com.webtest.ranzhicase.OtherTestCases">
    <skipped/>
  </testcase> <!-- testTeam02 -->
  <testcase name="testTeam03" time="0.0" classname="com.webtest.ranzhicase.OtherTestCases">
    <skipped/>
  </testcase> <!-- testTeam03 -->
  <testcase name="testTeam04" time="0.0" classname="com.webtest.ranzhicase.OtherTestCases">
    <skipped/>
  </testcase> <!-- testTeam04 -->
  <testcase name="testTeam05" time="0.0" classname="com.webtest.ranzhicase.OtherTestCases">
    <skipped/>
  </testcase> <!-- testTeam05 -->
  <testcase name="testTeam06" time="0.0" classname="com.webtest.ranzhicase.OtherTestCases">
    <skipped/>
  </testcase> <!-- testTeam06 -->
  <testcase name="testTeam07" time="0.0" classname="com.webtest.ranzhicase.OtherTestCases">
    <skipped/>
  </testcase> <!-- testTeam07 -->
  <testcase name="testTeam08" time="0.0" classname="com.webtest.ranzhicase.OtherTestCases">
    <skipped/>
  </testcase> <!-- testTeam08 -->
  <testcase name="testTeam09" time="0.0" classname="com.webtest.ranzhicase.OtherTestCases">
    <skipped/>
  </testcase> <!-- testTeam09 -->
  <testcase name="testTeam10" time="0.0" classname="com.webtest.ranzhicase.OtherTestCases">
    <skipped/>
  </testcase> <!-- testTeam10 -->
  <testcase name="testTeam11" time="0.0" classname="com.webtest.ranzhicase.OtherTestCases">
    <skipped/>
  </testcase> <!-- testTeam11 -->
  <testcase name="testTeam12" time="0.0" classname="com.webtest.ranzhicase.OtherTestCases">
    <skipped/>
  </testcase> <!-- testTeam12 -->
  <testcase name="testTeam13" time="0.0" classname="com.webtest.ranzhicase.OtherTestCases">
    <skipped/>
  </testcase> <!-- testTeam13 -->
  <testcase name="testTeam14" time="0.0" classname="com.webtest.ranzhicase.OtherTestCases">
    <skipped/>
  </testcase> <!-- testTeam14 -->
  <testcase name="testTeam15" time="0.0" classname="com.webtest.ranzhicase.OtherTestCases">
    <skipped/>
  </testcase> <!-- testTeam15 -->
  <testcase name="testTeam16" time="0.0" classname="com.webtest.ranzhicase.OtherTestCases">
    <skipped/>
  </testcase> <!-- testTeam16 -->
  <testcase name="testTeam17" time="0.0" classname="com.webtest.ranzhicase.OtherTestCases">
    <skipped/>
  </testcase> <!-- testTeam17 -->
  <testcase name="testTeam18" time="0.0" classname="com.webtest.ranzhicase.OtherTestCases">
    <skipped/>
  </testcase> <!-- testTeam18 -->
  <testcase name="testTeam19" time="0.0" classname="com.webtest.ranzhicase.OtherTestCases">
    <skipped/>
  </testcase> <!-- testTeam19 -->
  <testcase name="testTeam20" time="0.0" classname="com.webtest.ranzhicase.OtherTestCases">
    <skipped/>
  </testcase> <!-- testTeam20 -->
  <testcase name="testTeam21" time="0.0" classname="com.webtest.ranzhicase.OtherTestCases">
    <skipped/>
  </testcase> <!-- testTeam21 -->
  <testcase name="testTeam22" time="0.001" classname="com.webtest.ranzhicase.OtherTestCases">
    <skipped/>
  </testcase> <!-- testTeam22 -->
  <testcase name="testTeam23" time="0.0" classname="com.webtest.ranzhicase.OtherTestCases">
    <skipped/>
  </testcase> <!-- testTeam23 -->
  <testcase name="testTeam24" time="0.0" classname="com.webtest.ranzhicase.OtherTestCases">
    <skipped/>
  </testcase> <!-- testTeam24 -->
  <testcase name="testTeam25" time="0.0" classname="com.webtest.ranzhicase.OtherTestCases">
    <skipped/>
  </testcase> <!-- testTeam25 -->
  <testcase name="testTeam26" time="0.0" classname="com.webtest.ranzhicase.OtherTestCases">
    <skipped/>
  </testcase> <!-- testTeam26 -->
  <testcase name="testTeam27" time="0.0" classname="com.webtest.ranzhicase.OtherTestCases">
    <skipped/>
  </testcase> <!-- testTeam27 -->
  <testcase name="testTeam28" time="0.0" classname="com.webtest.ranzhicase.OtherTestCases">
    <skipped/>
  </testcase> <!-- testTeam28 -->
  <testcase name="testTeam29" time="0.0" classname="com.webtest.ranzhicase.OtherTestCases">
    <skipped/>
  </testcase> <!-- testTeam29 -->
  <testcase name="testTeam30" time="0.0" classname="com.webtest.ranzhicase.OtherTestCases">
    <skipped/>
  </testcase> <!-- testTeam30 -->
  <testcase name="testTeam31" time="0.001" classname="com.webtest.ranzhicase.OtherTestCases">
    <skipped/>
  </testcase> <!-- testTeam31 -->
  <testcase name="testTeam32" time="0.0" classname="com.webtest.ranzhicase.OtherTestCases">
    <skipped/>
  </testcase> <!-- testTeam32 -->
  <testcase name="testTeam33" time="0.0" classname="com.webtest.ranzhicase.OtherTestCases">
    <skipped/>
  </testcase> <!-- testTeam33 -->
  <testcase name="testTeam34" time="0.0" classname="com.webtest.ranzhicase.OtherTestCases">
    <skipped/>
  </testcase> <!-- testTeam34 -->
  <testcase name="testTeam35" time="0.0" classname="com.webtest.ranzhicase.OtherTestCases">
    <skipped/>
  </testcase> <!-- testTeam35 -->
  <testcase name="testTeam36" time="0.0" classname="com.webtest.ranzhicase.OtherTestCases">
    <skipped/>
  </testcase> <!-- testTeam36 -->
  <testcase name="testTeam38" time="0.0" classname="com.webtest.ranzhicase.OtherTestCases">
    <skipped/>
  </testcase> <!-- testTeam38 -->
  <testcase name="testTeam39" time="0.0" classname="com.webtest.ranzhicase.OtherTestCases">
    <skipped/>
  </testcase> <!-- testTeam39 -->
  <testcase name="testTeam40" time="0.0" classname="com.webtest.ranzhicase.OtherTestCases">
    <skipped/>
  </testcase> <!-- testTeam40 -->
  <testcase name="testTeam41" time="0.0" classname="com.webtest.ranzhicase.OtherTestCases">
    <skipped/>
  </testcase> <!-- testTeam41 -->
  <testcase name="testTeam42" time="0.0" classname="com.webtest.ranzhicase.OtherTestCases">
    <skipped/>
  </testcase> <!-- testTeam42 -->
  <testcase name="testTeam43" time="0.0" classname="com.webtest.ranzhicase.OtherTestCases">
    <skipped/>
  </testcase> <!-- testTeam43 -->
  <testcase name="testTeam44" time="0.0" classname="com.webtest.ranzhicase.OtherTestCases">
    <skipped/>
  </testcase> <!-- testTeam44 -->
  <testcase name="testTeam45" time="0.0" classname="com.webtest.ranzhicase.OtherTestCases">
    <skipped/>
  </testcase> <!-- testTeam45 -->
  <testcase name="testTeam46" time="0.0" classname="com.webtest.ranzhicase.OtherTestCases">
    <skipped/>
  </testcase> <!-- testTeam46 -->
  <testcase name="testTeam47" time="0.001" classname="com.webtest.ranzhicase.OtherTestCases">
    <skipped/>
  </testcase> <!-- testTeam47 -->
  <testcase name="testTeam48" time="0.0" classname="com.webtest.ranzhicase.OtherTestCases">
    <skipped/>
  </testcase> <!-- testTeam48 -->
</testsuite> <!-- Test -->
